Building DAG of jobs...
Using shell: /usr/bin/bash
Provided cluster nodes: 500
Job stats:
job            count
-----------  -------
all                1
genomedisco       12
total             13

Select jobs to execute...

[Tue Jul  1 20:29:53 2025]
rule genomedisco:
    input: /athena/apostoloulab/scratch/ukl4001/MtoG1_analysis_code/MicroC_GenomeDISCO/metadata/metadata_47.samples, /athena/apostoloulab/scratch/ukl4001/MtoG1_analysis_code/MicroC_GenomeDISCO/metadata/metadata_47.pairs
    output: /athena/apostoloulab/scratch/ukl4001/MtoG1_analysis_code/MicroC_GenomeDISCO/log/genomedisco_47.ok
    jobid: 2
    reason: Missing output files: /athena/apostoloulab/scratch/ukl4001/MtoG1_analysis_code/MicroC_GenomeDISCO/log/genomedisco_47.ok
    wildcards: num=47
    threads: 4
    resources: mem_mb=1000, mem_mib=954, disk_mb=1000, disk_mib=954, tmpdir=<TBD>


		mkdir -p /athena/apostoloulab/scratch/ukl4001/data/GenomeDSICO/comparison_47

		genomedisco run_all --metadata_samples /athena/apostoloulab/scratch/ukl4001/MtoG1_analysis_code/MicroC_GenomeDISCO/metadata/metadata_47.samples 					 --metadata_pairs /athena/apostoloulab/scratch/ukl4001/MtoG1_analysis_code/MicroC_GenomeDISCO/metadata/metadata_47.pairs 					 --bins /athena/apostoloulab/scratch/ukl4001/MtoG1_analysis_code/reference/mm10/mm10.bin.50kb.bed.gz 					 --parameters_file /athena/apostoloulab/scratch/ukl4001/MtoG1_analysis_code/MicroC_GenomeDISCO/parameters.txt 					 --outdir /athena/apostoloulab/scratch/ukl4001/data/GenomeDSICO/comparison_47

		# Made it?
		touch /athena/apostoloulab/scratch/ukl4001/MtoG1_analysis_code/MicroC_GenomeDISCO/log/genomedisco_47.ok
		
Submitted job 2 with external jobid 'Submitted batch job 2410554'.

[Tue Jul  1 20:29:53 2025]
rule genomedisco:
    input: /athena/apostoloulab/scratch/ukl4001/MtoG1_analysis_code/MicroC_GenomeDISCO/metadata/metadata_50.samples, /athena/apostoloulab/scratch/ukl4001/MtoG1_analysis_code/MicroC_GenomeDISCO/metadata/metadata_50.pairs
    output: /athena/apostoloulab/scratch/ukl4001/MtoG1_analysis_code/MicroC_GenomeDISCO/log/genomedisco_50.ok
    jobid: 5
    reason: Missing output files: /athena/apostoloulab/scratch/ukl4001/MtoG1_analysis_code/MicroC_GenomeDISCO/log/genomedisco_50.ok
    wildcards: num=50
    threads: 4
    resources: mem_mb=1000, mem_mib=954, disk_mb=1000, disk_mib=954, tmpdir=<TBD>


		mkdir -p /athena/apostoloulab/scratch/ukl4001/data/GenomeDSICO/comparison_50

		genomedisco run_all --metadata_samples /athena/apostoloulab/scratch/ukl4001/MtoG1_analysis_code/MicroC_GenomeDISCO/metadata/metadata_50.samples 					 --metadata_pairs /athena/apostoloulab/scratch/ukl4001/MtoG1_analysis_code/MicroC_GenomeDISCO/metadata/metadata_50.pairs 					 --bins /athena/apostoloulab/scratch/ukl4001/MtoG1_analysis_code/reference/mm10/mm10.bin.50kb.bed.gz 					 --parameters_file /athena/apostoloulab/scratch/ukl4001/MtoG1_analysis_code/MicroC_GenomeDISCO/parameters.txt 					 --outdir /athena/apostoloulab/scratch/ukl4001/data/GenomeDSICO/comparison_50

		# Made it?
		touch /athena/apostoloulab/scratch/ukl4001/MtoG1_analysis_code/MicroC_GenomeDISCO/log/genomedisco_50.ok
		
Submitted job 5 with external jobid 'Submitted batch job 2410555'.

[Tue Jul  1 20:29:53 2025]
rule genomedisco:
    input: /athena/apostoloulab/scratch/ukl4001/MtoG1_analysis_code/MicroC_GenomeDISCO/metadata/metadata_52.samples, /athena/apostoloulab/scratch/ukl4001/MtoG1_analysis_code/MicroC_GenomeDISCO/metadata/metadata_52.pairs
    output: /athena/apostoloulab/scratch/ukl4001/MtoG1_analysis_code/MicroC_GenomeDISCO/log/genomedisco_52.ok
    jobid: 7
    reason: Missing output files: /athena/apostoloulab/scratch/ukl4001/MtoG1_analysis_code/MicroC_GenomeDISCO/log/genomedisco_52.ok
    wildcards: num=52
    threads: 4
    resources: mem_mb=1000, mem_mib=954, disk_mb=1000, disk_mib=954, tmpdir=<TBD>


		mkdir -p /athena/apostoloulab/scratch/ukl4001/data/GenomeDSICO/comparison_52

		genomedisco run_all --metadata_samples /athena/apostoloulab/scratch/ukl4001/MtoG1_analysis_code/MicroC_GenomeDISCO/metadata/metadata_52.samples 					 --metadata_pairs /athena/apostoloulab/scratch/ukl4001/MtoG1_analysis_code/MicroC_GenomeDISCO/metadata/metadata_52.pairs 					 --bins /athena/apostoloulab/scratch/ukl4001/MtoG1_analysis_code/reference/mm10/mm10.bin.50kb.bed.gz 					 --parameters_file /athena/apostoloulab/scratch/ukl4001/MtoG1_analysis_code/MicroC_GenomeDISCO/parameters.txt 					 --outdir /athena/apostoloulab/scratch/ukl4001/data/GenomeDSICO/comparison_52

		# Made it?
		touch /athena/apostoloulab/scratch/ukl4001/MtoG1_analysis_code/MicroC_GenomeDISCO/log/genomedisco_52.ok
		
Submitted job 7 with external jobid 'Submitted batch job 2410556'.

[Tue Jul  1 20:29:53 2025]
rule genomedisco:
    input: /athena/apostoloulab/scratch/ukl4001/MtoG1_analysis_code/MicroC_GenomeDISCO/metadata/metadata_54.samples, /athena/apostoloulab/scratch/ukl4001/MtoG1_analysis_code/MicroC_GenomeDISCO/metadata/metadata_54.pairs
    output: /athena/apostoloulab/scratch/ukl4001/MtoG1_analysis_code/MicroC_GenomeDISCO/log/genomedisco_54.ok
    jobid: 9
    reason: Missing output files: /athena/apostoloulab/scratch/ukl4001/MtoG1_analysis_code/MicroC_GenomeDISCO/log/genomedisco_54.ok
    wildcards: num=54
    threads: 4
    resources: mem_mb=1000, mem_mib=954, disk_mb=1000, disk_mib=954, tmpdir=<TBD>


		mkdir -p /athena/apostoloulab/scratch/ukl4001/data/GenomeDSICO/comparison_54

		genomedisco run_all --metadata_samples /athena/apostoloulab/scratch/ukl4001/MtoG1_analysis_code/MicroC_GenomeDISCO/metadata/metadata_54.samples 					 --metadata_pairs /athena/apostoloulab/scratch/ukl4001/MtoG1_analysis_code/MicroC_GenomeDISCO/metadata/metadata_54.pairs 					 --bins /athena/apostoloulab/scratch/ukl4001/MtoG1_analysis_code/reference/mm10/mm10.bin.50kb.bed.gz 					 --parameters_file /athena/apostoloulab/scratch/ukl4001/MtoG1_analysis_code/MicroC_GenomeDISCO/parameters.txt 					 --outdir /athena/apostoloulab/scratch/ukl4001/data/GenomeDSICO/comparison_54

		# Made it?
		touch /athena/apostoloulab/scratch/ukl4001/MtoG1_analysis_code/MicroC_GenomeDISCO/log/genomedisco_54.ok
		
Submitted job 9 with external jobid 'Submitted batch job 2410557'.

[Tue Jul  1 20:29:53 2025]
rule genomedisco:
    input: /athena/apostoloulab/scratch/ukl4001/MtoG1_analysis_code/MicroC_GenomeDISCO/metadata/metadata_56.samples, /athena/apostoloulab/scratch/ukl4001/MtoG1_analysis_code/MicroC_GenomeDISCO/metadata/metadata_56.pairs
    output: /athena/apostoloulab/scratch/ukl4001/MtoG1_analysis_code/MicroC_GenomeDISCO/log/genomedisco_56.ok
    jobid: 11
    reason: Missing output files: /athena/apostoloulab/scratch/ukl4001/MtoG1_analysis_code/MicroC_GenomeDISCO/log/genomedisco_56.ok
    wildcards: num=56
    threads: 4
    resources: mem_mb=1000, mem_mib=954, disk_mb=1000, disk_mib=954, tmpdir=<TBD>


		mkdir -p /athena/apostoloulab/scratch/ukl4001/data/GenomeDSICO/comparison_56

		genomedisco run_all --metadata_samples /athena/apostoloulab/scratch/ukl4001/MtoG1_analysis_code/MicroC_GenomeDISCO/metadata/metadata_56.samples 					 --metadata_pairs /athena/apostoloulab/scratch/ukl4001/MtoG1_analysis_code/MicroC_GenomeDISCO/metadata/metadata_56.pairs 					 --bins /athena/apostoloulab/scratch/ukl4001/MtoG1_analysis_code/reference/mm10/mm10.bin.50kb.bed.gz 					 --parameters_file /athena/apostoloulab/scratch/ukl4001/MtoG1_analysis_code/MicroC_GenomeDISCO/parameters.txt 					 --outdir /athena/apostoloulab/scratch/ukl4001/data/GenomeDSICO/comparison_56

		# Made it?
		touch /athena/apostoloulab/scratch/ukl4001/MtoG1_analysis_code/MicroC_GenomeDISCO/log/genomedisco_56.ok
		
Submitted job 11 with external jobid 'Submitted batch job 2410558'.

[Tue Jul  1 20:29:53 2025]
rule genomedisco:
    input: /athena/apostoloulab/scratch/ukl4001/MtoG1_analysis_code/MicroC_GenomeDISCO/metadata/metadata_46.samples, /athena/apostoloulab/scratch/ukl4001/MtoG1_analysis_code/MicroC_GenomeDISCO/metadata/metadata_46.pairs
    output: /athena/apostoloulab/scratch/ukl4001/MtoG1_analysis_code/MicroC_GenomeDISCO/log/genomedisco_46.ok
    jobid: 1
    reason: Missing output files: /athena/apostoloulab/scratch/ukl4001/MtoG1_analysis_code/MicroC_GenomeDISCO/log/genomedisco_46.ok
    wildcards: num=46
    threads: 4
    resources: mem_mb=1000, mem_mib=954, disk_mb=1000, disk_mib=954, tmpdir=<TBD>


		mkdir -p /athena/apostoloulab/scratch/ukl4001/data/GenomeDSICO/comparison_46

		genomedisco run_all --metadata_samples /athena/apostoloulab/scratch/ukl4001/MtoG1_analysis_code/MicroC_GenomeDISCO/metadata/metadata_46.samples 					 --metadata_pairs /athena/apostoloulab/scratch/ukl4001/MtoG1_analysis_code/MicroC_GenomeDISCO/metadata/metadata_46.pairs 					 --bins /athena/apostoloulab/scratch/ukl4001/MtoG1_analysis_code/reference/mm10/mm10.bin.50kb.bed.gz 					 --parameters_file /athena/apostoloulab/scratch/ukl4001/MtoG1_analysis_code/MicroC_GenomeDISCO/parameters.txt 					 --outdir /athena/apostoloulab/scratch/ukl4001/data/GenomeDSICO/comparison_46

		# Made it?
		touch /athena/apostoloulab/scratch/ukl4001/MtoG1_analysis_code/MicroC_GenomeDISCO/log/genomedisco_46.ok
		
Submitted job 1 with external jobid 'Submitted batch job 2410559'.

[Tue Jul  1 20:29:53 2025]
rule genomedisco:
    input: /athena/apostoloulab/scratch/ukl4001/MtoG1_analysis_code/MicroC_GenomeDISCO/metadata/metadata_48.samples, /athena/apostoloulab/scratch/ukl4001/MtoG1_analysis_code/MicroC_GenomeDISCO/metadata/metadata_48.pairs
    output: /athena/apostoloulab/scratch/ukl4001/MtoG1_analysis_code/MicroC_GenomeDISCO/log/genomedisco_48.ok
    jobid: 3
    reason: Missing output files: /athena/apostoloulab/scratch/ukl4001/MtoG1_analysis_code/MicroC_GenomeDISCO/log/genomedisco_48.ok
    wildcards: num=48
    threads: 4
    resources: mem_mb=1000, mem_mib=954, disk_mb=1000, disk_mib=954, tmpdir=<TBD>


		mkdir -p /athena/apostoloulab/scratch/ukl4001/data/GenomeDSICO/comparison_48

		genomedisco run_all --metadata_samples /athena/apostoloulab/scratch/ukl4001/MtoG1_analysis_code/MicroC_GenomeDISCO/metadata/metadata_48.samples 					 --metadata_pairs /athena/apostoloulab/scratch/ukl4001/MtoG1_analysis_code/MicroC_GenomeDISCO/metadata/metadata_48.pairs 					 --bins /athena/apostoloulab/scratch/ukl4001/MtoG1_analysis_code/reference/mm10/mm10.bin.50kb.bed.gz 					 --parameters_file /athena/apostoloulab/scratch/ukl4001/MtoG1_analysis_code/MicroC_GenomeDISCO/parameters.txt 					 --outdir /athena/apostoloulab/scratch/ukl4001/data/GenomeDSICO/comparison_48

		# Made it?
		touch /athena/apostoloulab/scratch/ukl4001/MtoG1_analysis_code/MicroC_GenomeDISCO/log/genomedisco_48.ok
		
Submitted job 3 with external jobid 'Submitted batch job 2410560'.

[Tue Jul  1 20:29:53 2025]
rule genomedisco:
    input: /athena/apostoloulab/scratch/ukl4001/MtoG1_analysis_code/MicroC_GenomeDISCO/metadata/metadata_49.samples, /athena/apostoloulab/scratch/ukl4001/MtoG1_analysis_code/MicroC_GenomeDISCO/metadata/metadata_49.pairs
    output: /athena/apostoloulab/scratch/ukl4001/MtoG1_analysis_code/MicroC_GenomeDISCO/log/genomedisco_49.ok
    jobid: 4
    reason: Missing output files: /athena/apostoloulab/scratch/ukl4001/MtoG1_analysis_code/MicroC_GenomeDISCO/log/genomedisco_49.ok
    wildcards: num=49
    threads: 4
    resources: mem_mb=1000, mem_mib=954, disk_mb=1000, disk_mib=954, tmpdir=<TBD>


		mkdir -p /athena/apostoloulab/scratch/ukl4001/data/GenomeDSICO/comparison_49

		genomedisco run_all --metadata_samples /athena/apostoloulab/scratch/ukl4001/MtoG1_analysis_code/MicroC_GenomeDISCO/metadata/metadata_49.samples 					 --metadata_pairs /athena/apostoloulab/scratch/ukl4001/MtoG1_analysis_code/MicroC_GenomeDISCO/metadata/metadata_49.pairs 					 --bins /athena/apostoloulab/scratch/ukl4001/MtoG1_analysis_code/reference/mm10/mm10.bin.50kb.bed.gz 					 --parameters_file /athena/apostoloulab/scratch/ukl4001/MtoG1_analysis_code/MicroC_GenomeDISCO/parameters.txt 					 --outdir /athena/apostoloulab/scratch/ukl4001/data/GenomeDSICO/comparison_49

		# Made it?
		touch /athena/apostoloulab/scratch/ukl4001/MtoG1_analysis_code/MicroC_GenomeDISCO/log/genomedisco_49.ok
		
Submitted job 4 with external jobid 'Submitted batch job 2410561'.

[Tue Jul  1 20:29:53 2025]
rule genomedisco:
    input: /athena/apostoloulab/scratch/ukl4001/MtoG1_analysis_code/MicroC_GenomeDISCO/metadata/metadata_51.samples, /athena/apostoloulab/scratch/ukl4001/MtoG1_analysis_code/MicroC_GenomeDISCO/metadata/metadata_51.pairs
    output: /athena/apostoloulab/scratch/ukl4001/MtoG1_analysis_code/MicroC_GenomeDISCO/log/genomedisco_51.ok
    jobid: 6
    reason: Missing output files: /athena/apostoloulab/scratch/ukl4001/MtoG1_analysis_code/MicroC_GenomeDISCO/log/genomedisco_51.ok
    wildcards: num=51
    threads: 4
    resources: mem_mb=1000, mem_mib=954, disk_mb=1000, disk_mib=954, tmpdir=<TBD>


		mkdir -p /athena/apostoloulab/scratch/ukl4001/data/GenomeDSICO/comparison_51

		genomedisco run_all --metadata_samples /athena/apostoloulab/scratch/ukl4001/MtoG1_analysis_code/MicroC_GenomeDISCO/metadata/metadata_51.samples 					 --metadata_pairs /athena/apostoloulab/scratch/ukl4001/MtoG1_analysis_code/MicroC_GenomeDISCO/metadata/metadata_51.pairs 					 --bins /athena/apostoloulab/scratch/ukl4001/MtoG1_analysis_code/reference/mm10/mm10.bin.50kb.bed.gz 					 --parameters_file /athena/apostoloulab/scratch/ukl4001/MtoG1_analysis_code/MicroC_GenomeDISCO/parameters.txt 					 --outdir /athena/apostoloulab/scratch/ukl4001/data/GenomeDSICO/comparison_51

		# Made it?
		touch /athena/apostoloulab/scratch/ukl4001/MtoG1_analysis_code/MicroC_GenomeDISCO/log/genomedisco_51.ok
		
Submitted job 6 with external jobid 'Submitted batch job 2410562'.

[Tue Jul  1 20:29:53 2025]
rule genomedisco:
    input: /athena/apostoloulab/scratch/ukl4001/MtoG1_analysis_code/MicroC_GenomeDISCO/metadata/metadata_53.samples, /athena/apostoloulab/scratch/ukl4001/MtoG1_analysis_code/MicroC_GenomeDISCO/metadata/metadata_53.pairs
    output: /athena/apostoloulab/scratch/ukl4001/MtoG1_analysis_code/MicroC_GenomeDISCO/log/genomedisco_53.ok
    jobid: 8
    reason: Missing output files: /athena/apostoloulab/scratch/ukl4001/MtoG1_analysis_code/MicroC_GenomeDISCO/log/genomedisco_53.ok
    wildcards: num=53
    threads: 4
    resources: mem_mb=1000, mem_mib=954, disk_mb=1000, disk_mib=954, tmpdir=<TBD>


		mkdir -p /athena/apostoloulab/scratch/ukl4001/data/GenomeDSICO/comparison_53

		genomedisco run_all --metadata_samples /athena/apostoloulab/scratch/ukl4001/MtoG1_analysis_code/MicroC_GenomeDISCO/metadata/metadata_53.samples 					 --metadata_pairs /athena/apostoloulab/scratch/ukl4001/MtoG1_analysis_code/MicroC_GenomeDISCO/metadata/metadata_53.pairs 					 --bins /athena/apostoloulab/scratch/ukl4001/MtoG1_analysis_code/reference/mm10/mm10.bin.50kb.bed.gz 					 --parameters_file /athena/apostoloulab/scratch/ukl4001/MtoG1_analysis_code/MicroC_GenomeDISCO/parameters.txt 					 --outdir /athena/apostoloulab/scratch/ukl4001/data/GenomeDSICO/comparison_53

		# Made it?
		touch /athena/apostoloulab/scratch/ukl4001/MtoG1_analysis_code/MicroC_GenomeDISCO/log/genomedisco_53.ok
		
Submitted job 8 with external jobid 'Submitted batch job 2410563'.

[Tue Jul  1 20:29:53 2025]
rule genomedisco:
    input: /athena/apostoloulab/scratch/ukl4001/MtoG1_analysis_code/MicroC_GenomeDISCO/metadata/metadata_55.samples, /athena/apostoloulab/scratch/ukl4001/MtoG1_analysis_code/MicroC_GenomeDISCO/metadata/metadata_55.pairs
    output: /athena/apostoloulab/scratch/ukl4001/MtoG1_analysis_code/MicroC_GenomeDISCO/log/genomedisco_55.ok
    jobid: 10
    reason: Missing output files: /athena/apostoloulab/scratch/ukl4001/MtoG1_analysis_code/MicroC_GenomeDISCO/log/genomedisco_55.ok
    wildcards: num=55
    threads: 4
    resources: mem_mb=1000, mem_mib=954, disk_mb=1000, disk_mib=954, tmpdir=<TBD>


		mkdir -p /athena/apostoloulab/scratch/ukl4001/data/GenomeDSICO/comparison_55

		genomedisco run_all --metadata_samples /athena/apostoloulab/scratch/ukl4001/MtoG1_analysis_code/MicroC_GenomeDISCO/metadata/metadata_55.samples 					 --metadata_pairs /athena/apostoloulab/scratch/ukl4001/MtoG1_analysis_code/MicroC_GenomeDISCO/metadata/metadata_55.pairs 					 --bins /athena/apostoloulab/scratch/ukl4001/MtoG1_analysis_code/reference/mm10/mm10.bin.50kb.bed.gz 					 --parameters_file /athena/apostoloulab/scratch/ukl4001/MtoG1_analysis_code/MicroC_GenomeDISCO/parameters.txt 					 --outdir /athena/apostoloulab/scratch/ukl4001/data/GenomeDSICO/comparison_55

		# Made it?
		touch /athena/apostoloulab/scratch/ukl4001/MtoG1_analysis_code/MicroC_GenomeDISCO/log/genomedisco_55.ok
		
Submitted job 10 with external jobid 'Submitted batch job 2410564'.

[Tue Jul  1 20:29:53 2025]
rule genomedisco:
    input: /athena/apostoloulab/scratch/ukl4001/MtoG1_analysis_code/MicroC_GenomeDISCO/metadata/metadata_57.samples, /athena/apostoloulab/scratch/ukl4001/MtoG1_analysis_code/MicroC_GenomeDISCO/metadata/metadata_57.pairs
    output: /athena/apostoloulab/scratch/ukl4001/MtoG1_analysis_code/MicroC_GenomeDISCO/log/genomedisco_57.ok
    jobid: 12
    reason: Missing output files: /athena/apostoloulab/scratch/ukl4001/MtoG1_analysis_code/MicroC_GenomeDISCO/log/genomedisco_57.ok
    wildcards: num=57
    threads: 4
    resources: mem_mb=1000, mem_mib=954, disk_mb=1000, disk_mib=954, tmpdir=<TBD>


		mkdir -p /athena/apostoloulab/scratch/ukl4001/data/GenomeDSICO/comparison_57

		genomedisco run_all --metadata_samples /athena/apostoloulab/scratch/ukl4001/MtoG1_analysis_code/MicroC_GenomeDISCO/metadata/metadata_57.samples 					 --metadata_pairs /athena/apostoloulab/scratch/ukl4001/MtoG1_analysis_code/MicroC_GenomeDISCO/metadata/metadata_57.pairs 					 --bins /athena/apostoloulab/scratch/ukl4001/MtoG1_analysis_code/reference/mm10/mm10.bin.50kb.bed.gz 					 --parameters_file /athena/apostoloulab/scratch/ukl4001/MtoG1_analysis_code/MicroC_GenomeDISCO/parameters.txt 					 --outdir /athena/apostoloulab/scratch/ukl4001/data/GenomeDSICO/comparison_57

		# Made it?
		touch /athena/apostoloulab/scratch/ukl4001/MtoG1_analysis_code/MicroC_GenomeDISCO/log/genomedisco_57.ok
		
Submitted job 12 with external jobid 'Submitted batch job 2410565'.
