Building DAG of jobs...
Using shell: /usr/bin/bash
Provided cluster nodes: 500
Job stats:
job        count
-------  -------
all            1
allInfo       14
step           2
total         17

Select jobs to execute...

[Tue Aug 26 20:40:10 2025]
rule step:
    input: /athena/apostoloulab/scratch/ukl4001/reference/mm10/mm10.bin.5kb.bed, /athena/apostoloulab/scratch/ukl4001/data/v4C/vpInfo/vp.ENSMUSG00000028078.Dclk2.bed, /athena/apostoloulab/scratch/collab/Genome/Mus_Musculus/UCSC/mm10/Sequence/WholeGenomeFasta/genome.fa.fai, /athena/apostoloulab/scratch/ukl4001/reference/mm10/MboI_mm10.bed
    output: /athena/apostoloulab/scratch/ukl4001/temp/region1.ENSMUSG00000028078.Dclk2__5kb, /athena/apostoloulab/scratch/ukl4001/temp/step1.ENSMUSG00000028078.Dclk2__5kb, /athena/apostoloulab/scratch/ukl4001/temp/slop.ENSMUSG00000028078.Dclk2__5kb, /athena/apostoloulab/scratch/ukl4001/temp/step.ENSMUSG00000028078.Dclk2__5kb
    jobid: 1
    reason: Missing output files: /athena/apostoloulab/scratch/ukl4001/temp/region1.ENSMUSG00000028078.Dclk2__5kb, /athena/apostoloulab/scratch/ukl4001/temp/step1.ENSMUSG00000028078.Dclk2__5kb
    wildcards: gene=ENSMUSG00000028078.Dclk2, res=5
    threads: 4
    resources: mem_mb=1000, mem_mib=954, disk_mb=1000, disk_mib=954, tmpdir=<TBD>


		# Extract bin with VP (region1)
		intersectBed -a /athena/apostoloulab/scratch/ukl4001/reference/mm10/mm10.bin.5kb.bed -b /athena/apostoloulab/scratch/ukl4001/data/v4C/vpInfo/vp.ENSMUSG00000028078.Dclk2.bed -wa -u > /athena/apostoloulab/scratch/ukl4001/temp/region1.ENSMUSG00000028078.Dclk2__5kb
		
		# Expand the region of interest to +- 2Mb (slop)
		slopBed -i /athena/apostoloulab/scratch/ukl4001/temp/region1.ENSMUSG00000028078.Dclk2__5kb -g /athena/apostoloulab/scratch/collab/Genome/Mus_Musculus/UCSC/mm10/Sequence/WholeGenomeFasta/genome.fa.fai -b 2000000 > /athena/apostoloulab/scratch/ukl4001/temp/slop.ENSMUSG00000028078.Dclk2__5kb
		
		# Create 5kb windows with 500 bp steps within 4Mb regions (step)
		window=$((1000*5))
		step=$((50*5))
		bedtools makewindows -b /athena/apostoloulab/scratch/ukl4001/temp/slop.ENSMUSG00000028078.Dclk2__5kb -w ${window} -s ${step} > /athena/apostoloulab/scratch/ukl4001/temp/step.ENSMUSG00000028078.Dclk2__5kb
		
		# Count number of restriction sites within each window (step1)
		intersectBed -a /athena/apostoloulab/scratch/ukl4001/temp/step.ENSMUSG00000028078.Dclk2__5kb -b /athena/apostoloulab/scratch/ukl4001/reference/mm10/MboI_mm10.bed -c > /athena/apostoloulab/scratch/ukl4001/temp/step1.ENSMUSG00000028078.Dclk2__5kb
		
Submitted job 1 with external jobid 'Submitted batch job 2476414'.

[Tue Aug 26 20:40:11 2025]
rule step:
    input: /athena/apostoloulab/scratch/ukl4001/reference/mm10/mm10.bin.10kb.bed, /athena/apostoloulab/scratch/ukl4001/data/v4C/vpInfo/vp.ENSMUSG00000028078.Dclk2.bed, /athena/apostoloulab/scratch/collab/Genome/Mus_Musculus/UCSC/mm10/Sequence/WholeGenomeFasta/genome.fa.fai, /athena/apostoloulab/scratch/ukl4001/reference/mm10/MboI_mm10.bed
    output: /athena/apostoloulab/scratch/ukl4001/temp/region1.ENSMUSG00000028078.Dclk2__10kb, /athena/apostoloulab/scratch/ukl4001/temp/step1.ENSMUSG00000028078.Dclk2__10kb, /athena/apostoloulab/scratch/ukl4001/temp/slop.ENSMUSG00000028078.Dclk2__10kb, /athena/apostoloulab/scratch/ukl4001/temp/step.ENSMUSG00000028078.Dclk2__10kb
    jobid: 2
    reason: Missing output files: /athena/apostoloulab/scratch/ukl4001/temp/step1.ENSMUSG00000028078.Dclk2__10kb, /athena/apostoloulab/scratch/ukl4001/temp/region1.ENSMUSG00000028078.Dclk2__10kb
    wildcards: gene=ENSMUSG00000028078.Dclk2, res=10
    threads: 4
    resources: mem_mb=1000, mem_mib=954, disk_mb=1000, disk_mib=954, tmpdir=<TBD>


		# Extract bin with VP (region1)
		intersectBed -a /athena/apostoloulab/scratch/ukl4001/reference/mm10/mm10.bin.10kb.bed -b /athena/apostoloulab/scratch/ukl4001/data/v4C/vpInfo/vp.ENSMUSG00000028078.Dclk2.bed -wa -u > /athena/apostoloulab/scratch/ukl4001/temp/region1.ENSMUSG00000028078.Dclk2__10kb
		
		# Expand the region of interest to +- 2Mb (slop)
		slopBed -i /athena/apostoloulab/scratch/ukl4001/temp/region1.ENSMUSG00000028078.Dclk2__10kb -g /athena/apostoloulab/scratch/collab/Genome/Mus_Musculus/UCSC/mm10/Sequence/WholeGenomeFasta/genome.fa.fai -b 2000000 > /athena/apostoloulab/scratch/ukl4001/temp/slop.ENSMUSG00000028078.Dclk2__10kb
		
		# Create 5kb windows with 500 bp steps within 4Mb regions (step)
		window=$((1000*10))
		step=$((50*10))
		bedtools makewindows -b /athena/apostoloulab/scratch/ukl4001/temp/slop.ENSMUSG00000028078.Dclk2__10kb -w ${window} -s ${step} > /athena/apostoloulab/scratch/ukl4001/temp/step.ENSMUSG00000028078.Dclk2__10kb
		
		# Count number of restriction sites within each window (step1)
		intersectBed -a /athena/apostoloulab/scratch/ukl4001/temp/step.ENSMUSG00000028078.Dclk2__10kb -b /athena/apostoloulab/scratch/ukl4001/reference/mm10/MboI_mm10.bed -c > /athena/apostoloulab/scratch/ukl4001/temp/step1.ENSMUSG00000028078.Dclk2__10kb
		
Submitted job 2 with external jobid 'Submitted batch job 2476415'.
[Tue Aug 26 20:40:32 2025]
Finished job 1.
1 of 17 steps (6%) done
Removing temporary output /athena/apostoloulab/scratch/ukl4001/temp/slop.ENSMUSG00000028078.Dclk2__5kb.
Removing temporary output /athena/apostoloulab/scratch/ukl4001/temp/step.ENSMUSG00000028078.Dclk2__5kb.
Select jobs to execute...

[Tue Aug 26 20:40:32 2025]
rule allInfo:
    input: /athena/apostoloulab/scratch/ukl4001/data/v4C/vpInfo/vp.ENSMUSG00000028078.Dclk2.bed, /athena/apostoloulab/scratch/ukl4001/temp/region1.ENSMUSG00000028078.Dclk2__5kb, /athena/apostoloulab/scratch/ukl4001/temp/step1.ENSMUSG00000028078.Dclk2__5kb
    output: /athena/apostoloulab/scratch/ukl4001/temp/pairs.ENSMUSG00000028078.Dclk2__G1DMSO_pooled__5kb, /athena/apostoloulab/scratch/ukl4001/temp/left.ENSMUSG00000028078.Dclk2__G1DMSO_pooled__5kb, /athena/apostoloulab/scratch/ukl4001/temp/right.ENSMUSG00000028078.Dclk2__G1DMSO_pooled__5kb, /athena/apostoloulab/scratch/ukl4001/temp/singlereads.ENSMUSG00000028078.Dclk2__G1DMSO_pooled__5kb, /athena/apostoloulab/scratch/ukl4001/temp/enrichment.ENSMUSG00000028078.Dclk2__G1DMSO_pooled__5kb, /athena/apostoloulab/scratch/ukl4001/data/v4C/allInfo/allinfo.ENSMUSG00000028078.Dclk2__G1DMSO_pooled__5kb
    jobid: 3
    reason: Missing output files: /athena/apostoloulab/scratch/ukl4001/data/v4C/allInfo/allinfo.ENSMUSG00000028078.Dclk2__G1DMSO_pooled__5kb; Input files updated by another job: /athena/apostoloulab/scratch/ukl4001/temp/region1.ENSMUSG00000028078.Dclk2__5kb, /athena/apostoloulab/scratch/ukl4001/temp/step1.ENSMUSG00000028078.Dclk2__5kb
    wildcards: gene=ENSMUSG00000028078.Dclk2, exp=G1DMSO_pooled, res=5
    threads: 4
    resources: mem_mb=1000, mem_mib=954, disk_mb=1000, disk_mib=954, tmpdir=<TBD>


		firstline=$(head -n 1 /athena/apostoloulab/scratch/ukl4001/data/v4C/vpInfo/vp.ENSMUSG00000028078.Dclk2.bed)
		chr=$(echo ${firstline} | awk '{print $1}')

		pairToBed -a /athena/apostoloulab/scratch/ukl4001/temp/mappedPairChr/G1DMSO_pooled.${chr}.bedpe -b /athena/apostoloulab/scratch/ukl4001/temp/region1.ENSMUSG00000028078.Dclk2__5kb -type "either" > /athena/apostoloulab/scratch/ukl4001/temp/pairs.ENSMUSG00000028078.Dclk2__G1DMSO_pooled__5kb

		cut -f1,2,3 /athena/apostoloulab/scratch/ukl4001/temp/pairs.ENSMUSG00000028078.Dclk2__G1DMSO_pooled__5kb > /athena/apostoloulab/scratch/ukl4001/temp/left.ENSMUSG00000028078.Dclk2__G1DMSO_pooled__5kb
		cut -f4,5,6 /athena/apostoloulab/scratch/ukl4001/temp/pairs.ENSMUSG00000028078.Dclk2__G1DMSO_pooled__5kb > /athena/apostoloulab/scratch/ukl4001/temp/right.ENSMUSG00000028078.Dclk2__G1DMSO_pooled__5kb
		cat /athena/apostoloulab/scratch/ukl4001/temp/left.ENSMUSG00000028078.Dclk2__G1DMSO_pooled__5kb /athena/apostoloulab/scratch/ukl4001/temp/right.ENSMUSG00000028078.Dclk2__G1DMSO_pooled__5kb > /athena/apostoloulab/scratch/ukl4001/temp/singlereads.ENSMUSG00000028078.Dclk2__G1DMSO_pooled__5kb
		
		#calculate read coverage for all bins around the region of interest
		intersectBed -a /athena/apostoloulab/scratch/ukl4001/temp/step1.ENSMUSG00000028078.Dclk2__5kb -b /athena/apostoloulab/scratch/ukl4001/temp/singlereads.ENSMUSG00000028078.Dclk2__G1DMSO_pooled__5kb -c > /athena/apostoloulab/scratch/ukl4001/temp/enrichment.ENSMUSG00000028078.Dclk2__G1DMSO_pooled__5kb
		
		# add location of region of interest - We will delete this from downstream analysis for plots - it is useful to keep it as a separate column.
		intersectBed -a /athena/apostoloulab/scratch/ukl4001/temp/enrichment.ENSMUSG00000028078.Dclk2__G1DMSO_pooled__5kb -b /athena/apostoloulab/scratch/ukl4001/temp/region1.ENSMUSG00000028078.Dclk2__5kb -c > /athena/apostoloulab/scratch/ukl4001/data/v4C/allInfo/allinfo.ENSMUSG00000028078.Dclk2__G1DMSO_pooled__5kb
		
		
Submitted job 3 with external jobid 'Submitted batch job 2476416'.

[Tue Aug 26 20:40:32 2025]
rule allInfo:
    input: /athena/apostoloulab/scratch/ukl4001/data/v4C/vpInfo/vp.ENSMUSG00000028078.Dclk2.bed, /athena/apostoloulab/scratch/ukl4001/temp/region1.ENSMUSG00000028078.Dclk2__5kb, /athena/apostoloulab/scratch/ukl4001/temp/step1.ENSMUSG00000028078.Dclk2__5kb
    output: /athena/apostoloulab/scratch/ukl4001/temp/pairs.ENSMUSG00000028078.Dclk2__G1dTAG_pooled__5kb, /athena/apostoloulab/scratch/ukl4001/temp/left.ENSMUSG00000028078.Dclk2__G1dTAG_pooled__5kb, /athena/apostoloulab/scratch/ukl4001/temp/right.ENSMUSG00000028078.Dclk2__G1dTAG_pooled__5kb, /athena/apostoloulab/scratch/ukl4001/temp/singlereads.ENSMUSG00000028078.Dclk2__G1dTAG_pooled__5kb, /athena/apostoloulab/scratch/ukl4001/temp/enrichment.ENSMUSG00000028078.Dclk2__G1dTAG_pooled__5kb, /athena/apostoloulab/scratch/ukl4001/data/v4C/allInfo/allinfo.ENSMUSG00000028078.Dclk2__G1dTAG_pooled__5kb
    jobid: 5
    reason: Missing output files: /athena/apostoloulab/scratch/ukl4001/data/v4C/allInfo/allinfo.ENSMUSG00000028078.Dclk2__G1dTAG_pooled__5kb; Input files updated by another job: /athena/apostoloulab/scratch/ukl4001/temp/region1.ENSMUSG00000028078.Dclk2__5kb, /athena/apostoloulab/scratch/ukl4001/temp/step1.ENSMUSG00000028078.Dclk2__5kb
    wildcards: gene=ENSMUSG00000028078.Dclk2, exp=G1dTAG_pooled, res=5
    threads: 4
    resources: mem_mb=1000, mem_mib=954, disk_mb=1000, disk_mib=954, tmpdir=<TBD>


		firstline=$(head -n 1 /athena/apostoloulab/scratch/ukl4001/data/v4C/vpInfo/vp.ENSMUSG00000028078.Dclk2.bed)
		chr=$(echo ${firstline} | awk '{print $1}')

		pairToBed -a /athena/apostoloulab/scratch/ukl4001/temp/mappedPairChr/G1dTAG_pooled.${chr}.bedpe -b /athena/apostoloulab/scratch/ukl4001/temp/region1.ENSMUSG00000028078.Dclk2__5kb -type "either" > /athena/apostoloulab/scratch/ukl4001/temp/pairs.ENSMUSG00000028078.Dclk2__G1dTAG_pooled__5kb

		cut -f1,2,3 /athena/apostoloulab/scratch/ukl4001/temp/pairs.ENSMUSG00000028078.Dclk2__G1dTAG_pooled__5kb > /athena/apostoloulab/scratch/ukl4001/temp/left.ENSMUSG00000028078.Dclk2__G1dTAG_pooled__5kb
		cut -f4,5,6 /athena/apostoloulab/scratch/ukl4001/temp/pairs.ENSMUSG00000028078.Dclk2__G1dTAG_pooled__5kb > /athena/apostoloulab/scratch/ukl4001/temp/right.ENSMUSG00000028078.Dclk2__G1dTAG_pooled__5kb
		cat /athena/apostoloulab/scratch/ukl4001/temp/left.ENSMUSG00000028078.Dclk2__G1dTAG_pooled__5kb /athena/apostoloulab/scratch/ukl4001/temp/right.ENSMUSG00000028078.Dclk2__G1dTAG_pooled__5kb > /athena/apostoloulab/scratch/ukl4001/temp/singlereads.ENSMUSG00000028078.Dclk2__G1dTAG_pooled__5kb
		
		#calculate read coverage for all bins around the region of interest
		intersectBed -a /athena/apostoloulab/scratch/ukl4001/temp/step1.ENSMUSG00000028078.Dclk2__5kb -b /athena/apostoloulab/scratch/ukl4001/temp/singlereads.ENSMUSG00000028078.Dclk2__G1dTAG_pooled__5kb -c > /athena/apostoloulab/scratch/ukl4001/temp/enrichment.ENSMUSG00000028078.Dclk2__G1dTAG_pooled__5kb
		
		# add location of region of interest - We will delete this from downstream analysis for plots - it is useful to keep it as a separate column.
		intersectBed -a /athena/apostoloulab/scratch/ukl4001/temp/enrichment.ENSMUSG00000028078.Dclk2__G1dTAG_pooled__5kb -b /athena/apostoloulab/scratch/ukl4001/temp/region1.ENSMUSG00000028078.Dclk2__5kb -c > /athena/apostoloulab/scratch/ukl4001/data/v4C/allInfo/allinfo.ENSMUSG00000028078.Dclk2__G1dTAG_pooled__5kb
		
		
Submitted job 5 with external jobid 'Submitted batch job 2476417'.

[Tue Aug 26 20:40:32 2025]
rule allInfo:
    input: /athena/apostoloulab/scratch/ukl4001/data/v4C/vpInfo/vp.ENSMUSG00000028078.Dclk2.bed, /athena/apostoloulab/scratch/ukl4001/temp/region1.ENSMUSG00000028078.Dclk2__5kb, /athena/apostoloulab/scratch/ukl4001/temp/step1.ENSMUSG00000028078.Dclk2__5kb
    output: /athena/apostoloulab/scratch/ukl4001/temp/pairs.ENSMUSG00000028078.Dclk2__G1A485_pooled__5kb, /athena/apostoloulab/scratch/ukl4001/temp/left.ENSMUSG00000028078.Dclk2__G1A485_pooled__5kb, /athena/apostoloulab/scratch/ukl4001/temp/right.ENSMUSG00000028078.Dclk2__G1A485_pooled__5kb, /athena/apostoloulab/scratch/ukl4001/temp/singlereads.ENSMUSG00000028078.Dclk2__G1A485_pooled__5kb, /athena/apostoloulab/scratch/ukl4001/temp/enrichment.ENSMUSG00000028078.Dclk2__G1A485_pooled__5kb, /athena/apostoloulab/scratch/ukl4001/data/v4C/allInfo/allinfo.ENSMUSG00000028078.Dclk2__G1A485_pooled__5kb
    jobid: 7
    reason: Missing output files: /athena/apostoloulab/scratch/ukl4001/data/v4C/allInfo/allinfo.ENSMUSG00000028078.Dclk2__G1A485_pooled__5kb; Input files updated by another job: /athena/apostoloulab/scratch/ukl4001/temp/region1.ENSMUSG00000028078.Dclk2__5kb, /athena/apostoloulab/scratch/ukl4001/temp/step1.ENSMUSG00000028078.Dclk2__5kb
    wildcards: gene=ENSMUSG00000028078.Dclk2, exp=G1A485_pooled, res=5
    threads: 4
    resources: mem_mb=1000, mem_mib=954, disk_mb=1000, disk_mib=954, tmpdir=<TBD>


		firstline=$(head -n 1 /athena/apostoloulab/scratch/ukl4001/data/v4C/vpInfo/vp.ENSMUSG00000028078.Dclk2.bed)
		chr=$(echo ${firstline} | awk '{print $1}')

		pairToBed -a /athena/apostoloulab/scratch/ukl4001/temp/mappedPairChr/G1A485_pooled.${chr}.bedpe -b /athena/apostoloulab/scratch/ukl4001/temp/region1.ENSMUSG00000028078.Dclk2__5kb -type "either" > /athena/apostoloulab/scratch/ukl4001/temp/pairs.ENSMUSG00000028078.Dclk2__G1A485_pooled__5kb

		cut -f1,2,3 /athena/apostoloulab/scratch/ukl4001/temp/pairs.ENSMUSG00000028078.Dclk2__G1A485_pooled__5kb > /athena/apostoloulab/scratch/ukl4001/temp/left.ENSMUSG00000028078.Dclk2__G1A485_pooled__5kb
		cut -f4,5,6 /athena/apostoloulab/scratch/ukl4001/temp/pairs.ENSMUSG00000028078.Dclk2__G1A485_pooled__5kb > /athena/apostoloulab/scratch/ukl4001/temp/right.ENSMUSG00000028078.Dclk2__G1A485_pooled__5kb
		cat /athena/apostoloulab/scratch/ukl4001/temp/left.ENSMUSG00000028078.Dclk2__G1A485_pooled__5kb /athena/apostoloulab/scratch/ukl4001/temp/right.ENSMUSG00000028078.Dclk2__G1A485_pooled__5kb > /athena/apostoloulab/scratch/ukl4001/temp/singlereads.ENSMUSG00000028078.Dclk2__G1A485_pooled__5kb
		
		#calculate read coverage for all bins around the region of interest
		intersectBed -a /athena/apostoloulab/scratch/ukl4001/temp/step1.ENSMUSG00000028078.Dclk2__5kb -b /athena/apostoloulab/scratch/ukl4001/temp/singlereads.ENSMUSG00000028078.Dclk2__G1A485_pooled__5kb -c > /athena/apostoloulab/scratch/ukl4001/temp/enrichment.ENSMUSG00000028078.Dclk2__G1A485_pooled__5kb
		
		# add location of region of interest - We will delete this from downstream analysis for plots - it is useful to keep it as a separate column.
		intersectBed -a /athena/apostoloulab/scratch/ukl4001/temp/enrichment.ENSMUSG00000028078.Dclk2__G1A485_pooled__5kb -b /athena/apostoloulab/scratch/ukl4001/temp/region1.ENSMUSG00000028078.Dclk2__5kb -c > /athena/apostoloulab/scratch/ukl4001/data/v4C/allInfo/allinfo.ENSMUSG00000028078.Dclk2__G1A485_pooled__5kb
		
		
Submitted job 7 with external jobid 'Submitted batch job 2476418'.

[Tue Aug 26 20:40:32 2025]
rule allInfo:
    input: /athena/apostoloulab/scratch/ukl4001/data/v4C/vpInfo/vp.ENSMUSG00000028078.Dclk2.bed, /athena/apostoloulab/scratch/ukl4001/temp/region1.ENSMUSG00000028078.Dclk2__5kb, /athena/apostoloulab/scratch/ukl4001/temp/step1.ENSMUSG00000028078.Dclk2__5kb
    output: /athena/apostoloulab/scratch/ukl4001/temp/pairs.ENSMUSG00000028078.Dclk2__EpiG1DMSO_pooled__5kb, /athena/apostoloulab/scratch/ukl4001/temp/left.ENSMUSG00000028078.Dclk2__EpiG1DMSO_pooled__5kb, /athena/apostoloulab/scratch/ukl4001/temp/right.ENSMUSG00000028078.Dclk2__EpiG1DMSO_pooled__5kb, /athena/apostoloulab/scratch/ukl4001/temp/singlereads.ENSMUSG00000028078.Dclk2__EpiG1DMSO_pooled__5kb, /athena/apostoloulab/scratch/ukl4001/temp/enrichment.ENSMUSG00000028078.Dclk2__EpiG1DMSO_pooled__5kb, /athena/apostoloulab/scratch/ukl4001/data/v4C/allInfo/allinfo.ENSMUSG00000028078.Dclk2__EpiG1DMSO_pooled__5kb
    jobid: 9
    reason: Missing output files: /athena/apostoloulab/scratch/ukl4001/data/v4C/allInfo/allinfo.ENSMUSG00000028078.Dclk2__EpiG1DMSO_pooled__5kb; Input files updated by another job: /athena/apostoloulab/scratch/ukl4001/temp/region1.ENSMUSG00000028078.Dclk2__5kb, /athena/apostoloulab/scratch/ukl4001/temp/step1.ENSMUSG00000028078.Dclk2__5kb
    wildcards: gene=ENSMUSG00000028078.Dclk2, exp=EpiG1DMSO_pooled, res=5
    threads: 4
    resources: mem_mb=1000, mem_mib=954, disk_mb=1000, disk_mib=954, tmpdir=<TBD>


		firstline=$(head -n 1 /athena/apostoloulab/scratch/ukl4001/data/v4C/vpInfo/vp.ENSMUSG00000028078.Dclk2.bed)
		chr=$(echo ${firstline} | awk '{print $1}')

		pairToBed -a /athena/apostoloulab/scratch/ukl4001/temp/mappedPairChr/EpiG1DMSO_pooled.${chr}.bedpe -b /athena/apostoloulab/scratch/ukl4001/temp/region1.ENSMUSG00000028078.Dclk2__5kb -type "either" > /athena/apostoloulab/scratch/ukl4001/temp/pairs.ENSMUSG00000028078.Dclk2__EpiG1DMSO_pooled__5kb

		cut -f1,2,3 /athena/apostoloulab/scratch/ukl4001/temp/pairs.ENSMUSG00000028078.Dclk2__EpiG1DMSO_pooled__5kb > /athena/apostoloulab/scratch/ukl4001/temp/left.ENSMUSG00000028078.Dclk2__EpiG1DMSO_pooled__5kb
		cut -f4,5,6 /athena/apostoloulab/scratch/ukl4001/temp/pairs.ENSMUSG00000028078.Dclk2__EpiG1DMSO_pooled__5kb > /athena/apostoloulab/scratch/ukl4001/temp/right.ENSMUSG00000028078.Dclk2__EpiG1DMSO_pooled__5kb
		cat /athena/apostoloulab/scratch/ukl4001/temp/left.ENSMUSG00000028078.Dclk2__EpiG1DMSO_pooled__5kb /athena/apostoloulab/scratch/ukl4001/temp/right.ENSMUSG00000028078.Dclk2__EpiG1DMSO_pooled__5kb > /athena/apostoloulab/scratch/ukl4001/temp/singlereads.ENSMUSG00000028078.Dclk2__EpiG1DMSO_pooled__5kb
		
		#calculate read coverage for all bins around the region of interest
		intersectBed -a /athena/apostoloulab/scratch/ukl4001/temp/step1.ENSMUSG00000028078.Dclk2__5kb -b /athena/apostoloulab/scratch/ukl4001/temp/singlereads.ENSMUSG00000028078.Dclk2__EpiG1DMSO_pooled__5kb -c > /athena/apostoloulab/scratch/ukl4001/temp/enrichment.ENSMUSG00000028078.Dclk2__EpiG1DMSO_pooled__5kb
		
		# add location of region of interest - We will delete this from downstream analysis for plots - it is useful to keep it as a separate column.
		intersectBed -a /athena/apostoloulab/scratch/ukl4001/temp/enrichment.ENSMUSG00000028078.Dclk2__EpiG1DMSO_pooled__5kb -b /athena/apostoloulab/scratch/ukl4001/temp/region1.ENSMUSG00000028078.Dclk2__5kb -c > /athena/apostoloulab/scratch/ukl4001/data/v4C/allInfo/allinfo.ENSMUSG00000028078.Dclk2__EpiG1DMSO_pooled__5kb
		
		
Submitted job 9 with external jobid 'Submitted batch job 2476419'.

[Tue Aug 26 20:40:33 2025]
rule allInfo:
    input: /athena/apostoloulab/scratch/ukl4001/data/v4C/vpInfo/vp.ENSMUSG00000028078.Dclk2.bed, /athena/apostoloulab/scratch/ukl4001/temp/region1.ENSMUSG00000028078.Dclk2__5kb, /athena/apostoloulab/scratch/ukl4001/temp/step1.ENSMUSG00000028078.Dclk2__5kb
    output: /athena/apostoloulab/scratch/ukl4001/temp/pairs.ENSMUSG00000028078.Dclk2__EpiG1dTAG_pooled__5kb, /athena/apostoloulab/scratch/ukl4001/temp/left.ENSMUSG00000028078.Dclk2__EpiG1dTAG_pooled__5kb, /athena/apostoloulab/scratch/ukl4001/temp/right.ENSMUSG00000028078.Dclk2__EpiG1dTAG_pooled__5kb, /athena/apostoloulab/scratch/ukl4001/temp/singlereads.ENSMUSG00000028078.Dclk2__EpiG1dTAG_pooled__5kb, /athena/apostoloulab/scratch/ukl4001/temp/enrichment.ENSMUSG00000028078.Dclk2__EpiG1dTAG_pooled__5kb, /athena/apostoloulab/scratch/ukl4001/data/v4C/allInfo/allinfo.ENSMUSG00000028078.Dclk2__EpiG1dTAG_pooled__5kb
    jobid: 11
    reason: Missing output files: /athena/apostoloulab/scratch/ukl4001/data/v4C/allInfo/allinfo.ENSMUSG00000028078.Dclk2__EpiG1dTAG_pooled__5kb; Input files updated by another job: /athena/apostoloulab/scratch/ukl4001/temp/region1.ENSMUSG00000028078.Dclk2__5kb, /athena/apostoloulab/scratch/ukl4001/temp/step1.ENSMUSG00000028078.Dclk2__5kb
    wildcards: gene=ENSMUSG00000028078.Dclk2, exp=EpiG1dTAG_pooled, res=5
    threads: 4
    resources: mem_mb=1000, mem_mib=954, disk_mb=1000, disk_mib=954, tmpdir=<TBD>


		firstline=$(head -n 1 /athena/apostoloulab/scratch/ukl4001/data/v4C/vpInfo/vp.ENSMUSG00000028078.Dclk2.bed)
		chr=$(echo ${firstline} | awk '{print $1}')

		pairToBed -a /athena/apostoloulab/scratch/ukl4001/temp/mappedPairChr/EpiG1dTAG_pooled.${chr}.bedpe -b /athena/apostoloulab/scratch/ukl4001/temp/region1.ENSMUSG00000028078.Dclk2__5kb -type "either" > /athena/apostoloulab/scratch/ukl4001/temp/pairs.ENSMUSG00000028078.Dclk2__EpiG1dTAG_pooled__5kb

		cut -f1,2,3 /athena/apostoloulab/scratch/ukl4001/temp/pairs.ENSMUSG00000028078.Dclk2__EpiG1dTAG_pooled__5kb > /athena/apostoloulab/scratch/ukl4001/temp/left.ENSMUSG00000028078.Dclk2__EpiG1dTAG_pooled__5kb
		cut -f4,5,6 /athena/apostoloulab/scratch/ukl4001/temp/pairs.ENSMUSG00000028078.Dclk2__EpiG1dTAG_pooled__5kb > /athena/apostoloulab/scratch/ukl4001/temp/right.ENSMUSG00000028078.Dclk2__EpiG1dTAG_pooled__5kb
		cat /athena/apostoloulab/scratch/ukl4001/temp/left.ENSMUSG00000028078.Dclk2__EpiG1dTAG_pooled__5kb /athena/apostoloulab/scratch/ukl4001/temp/right.ENSMUSG00000028078.Dclk2__EpiG1dTAG_pooled__5kb > /athena/apostoloulab/scratch/ukl4001/temp/singlereads.ENSMUSG00000028078.Dclk2__EpiG1dTAG_pooled__5kb
		
		#calculate read coverage for all bins around the region of interest
		intersectBed -a /athena/apostoloulab/scratch/ukl4001/temp/step1.ENSMUSG00000028078.Dclk2__5kb -b /athena/apostoloulab/scratch/ukl4001/temp/singlereads.ENSMUSG00000028078.Dclk2__EpiG1dTAG_pooled__5kb -c > /athena/apostoloulab/scratch/ukl4001/temp/enrichment.ENSMUSG00000028078.Dclk2__EpiG1dTAG_pooled__5kb
		
		# add location of region of interest - We will delete this from downstream analysis for plots - it is useful to keep it as a separate column.
		intersectBed -a /athena/apostoloulab/scratch/ukl4001/temp/enrichment.ENSMUSG00000028078.Dclk2__EpiG1dTAG_pooled__5kb -b /athena/apostoloulab/scratch/ukl4001/temp/region1.ENSMUSG00000028078.Dclk2__5kb -c > /athena/apostoloulab/scratch/ukl4001/data/v4C/allInfo/allinfo.ENSMUSG00000028078.Dclk2__EpiG1dTAG_pooled__5kb
		
		
Submitted job 11 with external jobid 'Submitted batch job 2476420'.

[Tue Aug 26 20:40:33 2025]
rule allInfo:
    input: /athena/apostoloulab/scratch/ukl4001/data/v4C/vpInfo/vp.ENSMUSG00000028078.Dclk2.bed, /athena/apostoloulab/scratch/ukl4001/temp/region1.ENSMUSG00000028078.Dclk2__5kb, /athena/apostoloulab/scratch/ukl4001/temp/step1.ENSMUSG00000028078.Dclk2__5kb
    output: /athena/apostoloulab/scratch/ukl4001/temp/pairs.ENSMUSG00000028078.Dclk2__GSE178982_AsyncUT_pooled__5kb, /athena/apostoloulab/scratch/ukl4001/temp/left.ENSMUSG00000028078.Dclk2__GSE178982_AsyncUT_pooled__5kb, /athena/apostoloulab/scratch/ukl4001/temp/right.ENSMUSG00000028078.Dclk2__GSE178982_AsyncUT_pooled__5kb, /athena/apostoloulab/scratch/ukl4001/temp/singlereads.ENSMUSG00000028078.Dclk2__GSE178982_AsyncUT_pooled__5kb, /athena/apostoloulab/scratch/ukl4001/temp/enrichment.ENSMUSG00000028078.Dclk2__GSE178982_AsyncUT_pooled__5kb, /athena/apostoloulab/scratch/ukl4001/data/v4C/allInfo/allinfo.ENSMUSG00000028078.Dclk2__GSE178982_AsyncUT_pooled__5kb
    jobid: 13
    reason: Missing output files: /athena/apostoloulab/scratch/ukl4001/data/v4C/allInfo/allinfo.ENSMUSG00000028078.Dclk2__GSE178982_AsyncUT_pooled__5kb; Input files updated by another job: /athena/apostoloulab/scratch/ukl4001/temp/region1.ENSMUSG00000028078.Dclk2__5kb, /athena/apostoloulab/scratch/ukl4001/temp/step1.ENSMUSG00000028078.Dclk2__5kb
    wildcards: gene=ENSMUSG00000028078.Dclk2, exp=GSE178982_AsyncUT_pooled, res=5
    threads: 4
    resources: mem_mb=1000, mem_mib=954, disk_mb=1000, disk_mib=954, tmpdir=<TBD>


		firstline=$(head -n 1 /athena/apostoloulab/scratch/ukl4001/data/v4C/vpInfo/vp.ENSMUSG00000028078.Dclk2.bed)
		chr=$(echo ${firstline} | awk '{print $1}')

		pairToBed -a /athena/apostoloulab/scratch/ukl4001/temp/mappedPairChr/GSE178982_AsyncUT_pooled.${chr}.bedpe -b /athena/apostoloulab/scratch/ukl4001/temp/region1.ENSMUSG00000028078.Dclk2__5kb -type "either" > /athena/apostoloulab/scratch/ukl4001/temp/pairs.ENSMUSG00000028078.Dclk2__GSE178982_AsyncUT_pooled__5kb

		cut -f1,2,3 /athena/apostoloulab/scratch/ukl4001/temp/pairs.ENSMUSG00000028078.Dclk2__GSE178982_AsyncUT_pooled__5kb > /athena/apostoloulab/scratch/ukl4001/temp/left.ENSMUSG00000028078.Dclk2__GSE178982_AsyncUT_pooled__5kb
		cut -f4,5,6 /athena/apostoloulab/scratch/ukl4001/temp/pairs.ENSMUSG00000028078.Dclk2__GSE178982_AsyncUT_pooled__5kb > /athena/apostoloulab/scratch/ukl4001/temp/right.ENSMUSG00000028078.Dclk2__GSE178982_AsyncUT_pooled__5kb
		cat /athena/apostoloulab/scratch/ukl4001/temp/left.ENSMUSG00000028078.Dclk2__GSE178982_AsyncUT_pooled__5kb /athena/apostoloulab/scratch/ukl4001/temp/right.ENSMUSG00000028078.Dclk2__GSE178982_AsyncUT_pooled__5kb > /athena/apostoloulab/scratch/ukl4001/temp/singlereads.ENSMUSG00000028078.Dclk2__GSE178982_AsyncUT_pooled__5kb
		
		#calculate read coverage for all bins around the region of interest
		intersectBed -a /athena/apostoloulab/scratch/ukl4001/temp/step1.ENSMUSG00000028078.Dclk2__5kb -b /athena/apostoloulab/scratch/ukl4001/temp/singlereads.ENSMUSG00000028078.Dclk2__GSE178982_AsyncUT_pooled__5kb -c > /athena/apostoloulab/scratch/ukl4001/temp/enrichment.ENSMUSG00000028078.Dclk2__GSE178982_AsyncUT_pooled__5kb
		
		# add location of region of interest - We will delete this from downstream analysis for plots - it is useful to keep it as a separate column.
		intersectBed -a /athena/apostoloulab/scratch/ukl4001/temp/enrichment.ENSMUSG00000028078.Dclk2__GSE178982_AsyncUT_pooled__5kb -b /athena/apostoloulab/scratch/ukl4001/temp/region1.ENSMUSG00000028078.Dclk2__5kb -c > /athena/apostoloulab/scratch/ukl4001/data/v4C/allInfo/allinfo.ENSMUSG00000028078.Dclk2__GSE178982_AsyncUT_pooled__5kb
		
		
Submitted job 13 with external jobid 'Submitted batch job 2476421'.

[Tue Aug 26 20:40:33 2025]
rule allInfo:
    input: /athena/apostoloulab/scratch/ukl4001/data/v4C/vpInfo/vp.ENSMUSG00000028078.Dclk2.bed, /athena/apostoloulab/scratch/ukl4001/temp/region1.ENSMUSG00000028078.Dclk2__5kb, /athena/apostoloulab/scratch/ukl4001/temp/step1.ENSMUSG00000028078.Dclk2__5kb
    output: /athena/apostoloulab/scratch/ukl4001/temp/pairs.ENSMUSG00000028078.Dclk2__GSE178982_AsyncAID_pooled__5kb, /athena/apostoloulab/scratch/ukl4001/temp/left.ENSMUSG00000028078.Dclk2__GSE178982_AsyncAID_pooled__5kb, /athena/apostoloulab/scratch/ukl4001/temp/right.ENSMUSG00000028078.Dclk2__GSE178982_AsyncAID_pooled__5kb, /athena/apostoloulab/scratch/ukl4001/temp/singlereads.ENSMUSG00000028078.Dclk2__GSE178982_AsyncAID_pooled__5kb, /athena/apostoloulab/scratch/ukl4001/temp/enrichment.ENSMUSG00000028078.Dclk2__GSE178982_AsyncAID_pooled__5kb, /athena/apostoloulab/scratch/ukl4001/data/v4C/allInfo/allinfo.ENSMUSG00000028078.Dclk2__GSE178982_AsyncAID_pooled__5kb
    jobid: 15
    reason: Missing output files: /athena/apostoloulab/scratch/ukl4001/data/v4C/allInfo/allinfo.ENSMUSG00000028078.Dclk2__GSE178982_AsyncAID_pooled__5kb; Input files updated by another job: /athena/apostoloulab/scratch/ukl4001/temp/region1.ENSMUSG00000028078.Dclk2__5kb, /athena/apostoloulab/scratch/ukl4001/temp/step1.ENSMUSG00000028078.Dclk2__5kb
    wildcards: gene=ENSMUSG00000028078.Dclk2, exp=GSE178982_AsyncAID_pooled, res=5
    threads: 4
    resources: mem_mb=1000, mem_mib=954, disk_mb=1000, disk_mib=954, tmpdir=<TBD>


		firstline=$(head -n 1 /athena/apostoloulab/scratch/ukl4001/data/v4C/vpInfo/vp.ENSMUSG00000028078.Dclk2.bed)
		chr=$(echo ${firstline} | awk '{print $1}')

		pairToBed -a /athena/apostoloulab/scratch/ukl4001/temp/mappedPairChr/GSE178982_AsyncAID_pooled.${chr}.bedpe -b /athena/apostoloulab/scratch/ukl4001/temp/region1.ENSMUSG00000028078.Dclk2__5kb -type "either" > /athena/apostoloulab/scratch/ukl4001/temp/pairs.ENSMUSG00000028078.Dclk2__GSE178982_AsyncAID_pooled__5kb

		cut -f1,2,3 /athena/apostoloulab/scratch/ukl4001/temp/pairs.ENSMUSG00000028078.Dclk2__GSE178982_AsyncAID_pooled__5kb > /athena/apostoloulab/scratch/ukl4001/temp/left.ENSMUSG00000028078.Dclk2__GSE178982_AsyncAID_pooled__5kb
		cut -f4,5,6 /athena/apostoloulab/scratch/ukl4001/temp/pairs.ENSMUSG00000028078.Dclk2__GSE178982_AsyncAID_pooled__5kb > /athena/apostoloulab/scratch/ukl4001/temp/right.ENSMUSG00000028078.Dclk2__GSE178982_AsyncAID_pooled__5kb
		cat /athena/apostoloulab/scratch/ukl4001/temp/left.ENSMUSG00000028078.Dclk2__GSE178982_AsyncAID_pooled__5kb /athena/apostoloulab/scratch/ukl4001/temp/right.ENSMUSG00000028078.Dclk2__GSE178982_AsyncAID_pooled__5kb > /athena/apostoloulab/scratch/ukl4001/temp/singlereads.ENSMUSG00000028078.Dclk2__GSE178982_AsyncAID_pooled__5kb
		
		#calculate read coverage for all bins around the region of interest
		intersectBed -a /athena/apostoloulab/scratch/ukl4001/temp/step1.ENSMUSG00000028078.Dclk2__5kb -b /athena/apostoloulab/scratch/ukl4001/temp/singlereads.ENSMUSG00000028078.Dclk2__GSE178982_AsyncAID_pooled__5kb -c > /athena/apostoloulab/scratch/ukl4001/temp/enrichment.ENSMUSG00000028078.Dclk2__GSE178982_AsyncAID_pooled__5kb
		
		# add location of region of interest - We will delete this from downstream analysis for plots - it is useful to keep it as a separate column.
		intersectBed -a /athena/apostoloulab/scratch/ukl4001/temp/enrichment.ENSMUSG00000028078.Dclk2__GSE178982_AsyncAID_pooled__5kb -b /athena/apostoloulab/scratch/ukl4001/temp/region1.ENSMUSG00000028078.Dclk2__5kb -c > /athena/apostoloulab/scratch/ukl4001/data/v4C/allInfo/allinfo.ENSMUSG00000028078.Dclk2__GSE178982_AsyncAID_pooled__5kb
		
		
Submitted job 15 with external jobid 'Submitted batch job 2476422'.
[Tue Aug 26 20:40:33 2025]
Finished job 2.
2 of 17 steps (12%) done
Removing temporary output /athena/apostoloulab/scratch/ukl4001/temp/slop.ENSMUSG00000028078.Dclk2__10kb.
Removing temporary output /athena/apostoloulab/scratch/ukl4001/temp/step.ENSMUSG00000028078.Dclk2__10kb.
Select jobs to execute...

[Tue Aug 26 20:40:33 2025]
rule allInfo:
    input: /athena/apostoloulab/scratch/ukl4001/data/v4C/vpInfo/vp.ENSMUSG00000028078.Dclk2.bed, /athena/apostoloulab/scratch/ukl4001/temp/region1.ENSMUSG00000028078.Dclk2__10kb, /athena/apostoloulab/scratch/ukl4001/temp/step1.ENSMUSG00000028078.Dclk2__10kb
    output: /athena/apostoloulab/scratch/ukl4001/temp/pairs.ENSMUSG00000028078.Dclk2__G1DMSO_pooled__10kb, /athena/apostoloulab/scratch/ukl4001/temp/left.ENSMUSG00000028078.Dclk2__G1DMSO_pooled__10kb, /athena/apostoloulab/scratch/ukl4001/temp/right.ENSMUSG00000028078.Dclk2__G1DMSO_pooled__10kb, /athena/apostoloulab/scratch/ukl4001/temp/singlereads.ENSMUSG00000028078.Dclk2__G1DMSO_pooled__10kb, /athena/apostoloulab/scratch/ukl4001/temp/enrichment.ENSMUSG00000028078.Dclk2__G1DMSO_pooled__10kb, /athena/apostoloulab/scratch/ukl4001/data/v4C/allInfo/allinfo.ENSMUSG00000028078.Dclk2__G1DMSO_pooled__10kb
    jobid: 4
    reason: Missing output files: /athena/apostoloulab/scratch/ukl4001/data/v4C/allInfo/allinfo.ENSMUSG00000028078.Dclk2__G1DMSO_pooled__10kb; Input files updated by another job: /athena/apostoloulab/scratch/ukl4001/temp/step1.ENSMUSG00000028078.Dclk2__10kb, /athena/apostoloulab/scratch/ukl4001/temp/region1.ENSMUSG00000028078.Dclk2__10kb
    wildcards: gene=ENSMUSG00000028078.Dclk2, exp=G1DMSO_pooled, res=10
    threads: 4
    resources: mem_mb=1000, mem_mib=954, disk_mb=1000, disk_mib=954, tmpdir=<TBD>


		firstline=$(head -n 1 /athena/apostoloulab/scratch/ukl4001/data/v4C/vpInfo/vp.ENSMUSG00000028078.Dclk2.bed)
		chr=$(echo ${firstline} | awk '{print $1}')

		pairToBed -a /athena/apostoloulab/scratch/ukl4001/temp/mappedPairChr/G1DMSO_pooled.${chr}.bedpe -b /athena/apostoloulab/scratch/ukl4001/temp/region1.ENSMUSG00000028078.Dclk2__10kb -type "either" > /athena/apostoloulab/scratch/ukl4001/temp/pairs.ENSMUSG00000028078.Dclk2__G1DMSO_pooled__10kb

		cut -f1,2,3 /athena/apostoloulab/scratch/ukl4001/temp/pairs.ENSMUSG00000028078.Dclk2__G1DMSO_pooled__10kb > /athena/apostoloulab/scratch/ukl4001/temp/left.ENSMUSG00000028078.Dclk2__G1DMSO_pooled__10kb
		cut -f4,5,6 /athena/apostoloulab/scratch/ukl4001/temp/pairs.ENSMUSG00000028078.Dclk2__G1DMSO_pooled__10kb > /athena/apostoloulab/scratch/ukl4001/temp/right.ENSMUSG00000028078.Dclk2__G1DMSO_pooled__10kb
		cat /athena/apostoloulab/scratch/ukl4001/temp/left.ENSMUSG00000028078.Dclk2__G1DMSO_pooled__10kb /athena/apostoloulab/scratch/ukl4001/temp/right.ENSMUSG00000028078.Dclk2__G1DMSO_pooled__10kb > /athena/apostoloulab/scratch/ukl4001/temp/singlereads.ENSMUSG00000028078.Dclk2__G1DMSO_pooled__10kb
		
		#calculate read coverage for all bins around the region of interest
		intersectBed -a /athena/apostoloulab/scratch/ukl4001/temp/step1.ENSMUSG00000028078.Dclk2__10kb -b /athena/apostoloulab/scratch/ukl4001/temp/singlereads.ENSMUSG00000028078.Dclk2__G1DMSO_pooled__10kb -c > /athena/apostoloulab/scratch/ukl4001/temp/enrichment.ENSMUSG00000028078.Dclk2__G1DMSO_pooled__10kb
		
		# add location of region of interest - We will delete this from downstream analysis for plots - it is useful to keep it as a separate column.
		intersectBed -a /athena/apostoloulab/scratch/ukl4001/temp/enrichment.ENSMUSG00000028078.Dclk2__G1DMSO_pooled__10kb -b /athena/apostoloulab/scratch/ukl4001/temp/region1.ENSMUSG00000028078.Dclk2__10kb -c > /athena/apostoloulab/scratch/ukl4001/data/v4C/allInfo/allinfo.ENSMUSG00000028078.Dclk2__G1DMSO_pooled__10kb
		
		
Submitted job 4 with external jobid 'Submitted batch job 2476423'.

[Tue Aug 26 20:40:33 2025]
rule allInfo:
    input: /athena/apostoloulab/scratch/ukl4001/data/v4C/vpInfo/vp.ENSMUSG00000028078.Dclk2.bed, /athena/apostoloulab/scratch/ukl4001/temp/region1.ENSMUSG00000028078.Dclk2__10kb, /athena/apostoloulab/scratch/ukl4001/temp/step1.ENSMUSG00000028078.Dclk2__10kb
    output: /athena/apostoloulab/scratch/ukl4001/temp/pairs.ENSMUSG00000028078.Dclk2__G1dTAG_pooled__10kb, /athena/apostoloulab/scratch/ukl4001/temp/left.ENSMUSG00000028078.Dclk2__G1dTAG_pooled__10kb, /athena/apostoloulab/scratch/ukl4001/temp/right.ENSMUSG00000028078.Dclk2__G1dTAG_pooled__10kb, /athena/apostoloulab/scratch/ukl4001/temp/singlereads.ENSMUSG00000028078.Dclk2__G1dTAG_pooled__10kb, /athena/apostoloulab/scratch/ukl4001/temp/enrichment.ENSMUSG00000028078.Dclk2__G1dTAG_pooled__10kb, /athena/apostoloulab/scratch/ukl4001/data/v4C/allInfo/allinfo.ENSMUSG00000028078.Dclk2__G1dTAG_pooled__10kb
    jobid: 6
    reason: Missing output files: /athena/apostoloulab/scratch/ukl4001/data/v4C/allInfo/allinfo.ENSMUSG00000028078.Dclk2__G1dTAG_pooled__10kb; Input files updated by another job: /athena/apostoloulab/scratch/ukl4001/temp/step1.ENSMUSG00000028078.Dclk2__10kb, /athena/apostoloulab/scratch/ukl4001/temp/region1.ENSMUSG00000028078.Dclk2__10kb
    wildcards: gene=ENSMUSG00000028078.Dclk2, exp=G1dTAG_pooled, res=10
    threads: 4
    resources: mem_mb=1000, mem_mib=954, disk_mb=1000, disk_mib=954, tmpdir=<TBD>


		firstline=$(head -n 1 /athena/apostoloulab/scratch/ukl4001/data/v4C/vpInfo/vp.ENSMUSG00000028078.Dclk2.bed)
		chr=$(echo ${firstline} | awk '{print $1}')

		pairToBed -a /athena/apostoloulab/scratch/ukl4001/temp/mappedPairChr/G1dTAG_pooled.${chr}.bedpe -b /athena/apostoloulab/scratch/ukl4001/temp/region1.ENSMUSG00000028078.Dclk2__10kb -type "either" > /athena/apostoloulab/scratch/ukl4001/temp/pairs.ENSMUSG00000028078.Dclk2__G1dTAG_pooled__10kb

		cut -f1,2,3 /athena/apostoloulab/scratch/ukl4001/temp/pairs.ENSMUSG00000028078.Dclk2__G1dTAG_pooled__10kb > /athena/apostoloulab/scratch/ukl4001/temp/left.ENSMUSG00000028078.Dclk2__G1dTAG_pooled__10kb
		cut -f4,5,6 /athena/apostoloulab/scratch/ukl4001/temp/pairs.ENSMUSG00000028078.Dclk2__G1dTAG_pooled__10kb > /athena/apostoloulab/scratch/ukl4001/temp/right.ENSMUSG00000028078.Dclk2__G1dTAG_pooled__10kb
		cat /athena/apostoloulab/scratch/ukl4001/temp/left.ENSMUSG00000028078.Dclk2__G1dTAG_pooled__10kb /athena/apostoloulab/scratch/ukl4001/temp/right.ENSMUSG00000028078.Dclk2__G1dTAG_pooled__10kb > /athena/apostoloulab/scratch/ukl4001/temp/singlereads.ENSMUSG00000028078.Dclk2__G1dTAG_pooled__10kb
		
		#calculate read coverage for all bins around the region of interest
		intersectBed -a /athena/apostoloulab/scratch/ukl4001/temp/step1.ENSMUSG00000028078.Dclk2__10kb -b /athena/apostoloulab/scratch/ukl4001/temp/singlereads.ENSMUSG00000028078.Dclk2__G1dTAG_pooled__10kb -c > /athena/apostoloulab/scratch/ukl4001/temp/enrichment.ENSMUSG00000028078.Dclk2__G1dTAG_pooled__10kb
		
		# add location of region of interest - We will delete this from downstream analysis for plots - it is useful to keep it as a separate column.
		intersectBed -a /athena/apostoloulab/scratch/ukl4001/temp/enrichment.ENSMUSG00000028078.Dclk2__G1dTAG_pooled__10kb -b /athena/apostoloulab/scratch/ukl4001/temp/region1.ENSMUSG00000028078.Dclk2__10kb -c > /athena/apostoloulab/scratch/ukl4001/data/v4C/allInfo/allinfo.ENSMUSG00000028078.Dclk2__G1dTAG_pooled__10kb
		
		
Submitted job 6 with external jobid 'Submitted batch job 2476424'.

[Tue Aug 26 20:40:33 2025]
rule allInfo:
    input: /athena/apostoloulab/scratch/ukl4001/data/v4C/vpInfo/vp.ENSMUSG00000028078.Dclk2.bed, /athena/apostoloulab/scratch/ukl4001/temp/region1.ENSMUSG00000028078.Dclk2__10kb, /athena/apostoloulab/scratch/ukl4001/temp/step1.ENSMUSG00000028078.Dclk2__10kb
    output: /athena/apostoloulab/scratch/ukl4001/temp/pairs.ENSMUSG00000028078.Dclk2__G1A485_pooled__10kb, /athena/apostoloulab/scratch/ukl4001/temp/left.ENSMUSG00000028078.Dclk2__G1A485_pooled__10kb, /athena/apostoloulab/scratch/ukl4001/temp/right.ENSMUSG00000028078.Dclk2__G1A485_pooled__10kb, /athena/apostoloulab/scratch/ukl4001/temp/singlereads.ENSMUSG00000028078.Dclk2__G1A485_pooled__10kb, /athena/apostoloulab/scratch/ukl4001/temp/enrichment.ENSMUSG00000028078.Dclk2__G1A485_pooled__10kb, /athena/apostoloulab/scratch/ukl4001/data/v4C/allInfo/allinfo.ENSMUSG00000028078.Dclk2__G1A485_pooled__10kb
    jobid: 8
    reason: Missing output files: /athena/apostoloulab/scratch/ukl4001/data/v4C/allInfo/allinfo.ENSMUSG00000028078.Dclk2__G1A485_pooled__10kb; Input files updated by another job: /athena/apostoloulab/scratch/ukl4001/temp/step1.ENSMUSG00000028078.Dclk2__10kb, /athena/apostoloulab/scratch/ukl4001/temp/region1.ENSMUSG00000028078.Dclk2__10kb
    wildcards: gene=ENSMUSG00000028078.Dclk2, exp=G1A485_pooled, res=10
    threads: 4
    resources: mem_mb=1000, mem_mib=954, disk_mb=1000, disk_mib=954, tmpdir=<TBD>


		firstline=$(head -n 1 /athena/apostoloulab/scratch/ukl4001/data/v4C/vpInfo/vp.ENSMUSG00000028078.Dclk2.bed)
		chr=$(echo ${firstline} | awk '{print $1}')

		pairToBed -a /athena/apostoloulab/scratch/ukl4001/temp/mappedPairChr/G1A485_pooled.${chr}.bedpe -b /athena/apostoloulab/scratch/ukl4001/temp/region1.ENSMUSG00000028078.Dclk2__10kb -type "either" > /athena/apostoloulab/scratch/ukl4001/temp/pairs.ENSMUSG00000028078.Dclk2__G1A485_pooled__10kb

		cut -f1,2,3 /athena/apostoloulab/scratch/ukl4001/temp/pairs.ENSMUSG00000028078.Dclk2__G1A485_pooled__10kb > /athena/apostoloulab/scratch/ukl4001/temp/left.ENSMUSG00000028078.Dclk2__G1A485_pooled__10kb
		cut -f4,5,6 /athena/apostoloulab/scratch/ukl4001/temp/pairs.ENSMUSG00000028078.Dclk2__G1A485_pooled__10kb > /athena/apostoloulab/scratch/ukl4001/temp/right.ENSMUSG00000028078.Dclk2__G1A485_pooled__10kb
		cat /athena/apostoloulab/scratch/ukl4001/temp/left.ENSMUSG00000028078.Dclk2__G1A485_pooled__10kb /athena/apostoloulab/scratch/ukl4001/temp/right.ENSMUSG00000028078.Dclk2__G1A485_pooled__10kb > /athena/apostoloulab/scratch/ukl4001/temp/singlereads.ENSMUSG00000028078.Dclk2__G1A485_pooled__10kb
		
		#calculate read coverage for all bins around the region of interest
		intersectBed -a /athena/apostoloulab/scratch/ukl4001/temp/step1.ENSMUSG00000028078.Dclk2__10kb -b /athena/apostoloulab/scratch/ukl4001/temp/singlereads.ENSMUSG00000028078.Dclk2__G1A485_pooled__10kb -c > /athena/apostoloulab/scratch/ukl4001/temp/enrichment.ENSMUSG00000028078.Dclk2__G1A485_pooled__10kb
		
		# add location of region of interest - We will delete this from downstream analysis for plots - it is useful to keep it as a separate column.
		intersectBed -a /athena/apostoloulab/scratch/ukl4001/temp/enrichment.ENSMUSG00000028078.Dclk2__G1A485_pooled__10kb -b /athena/apostoloulab/scratch/ukl4001/temp/region1.ENSMUSG00000028078.Dclk2__10kb -c > /athena/apostoloulab/scratch/ukl4001/data/v4C/allInfo/allinfo.ENSMUSG00000028078.Dclk2__G1A485_pooled__10kb
		
		
Submitted job 8 with external jobid 'Submitted batch job 2476425'.

[Tue Aug 26 20:40:33 2025]
rule allInfo:
    input: /athena/apostoloulab/scratch/ukl4001/data/v4C/vpInfo/vp.ENSMUSG00000028078.Dclk2.bed, /athena/apostoloulab/scratch/ukl4001/temp/region1.ENSMUSG00000028078.Dclk2__10kb, /athena/apostoloulab/scratch/ukl4001/temp/step1.ENSMUSG00000028078.Dclk2__10kb
    output: /athena/apostoloulab/scratch/ukl4001/temp/pairs.ENSMUSG00000028078.Dclk2__EpiG1DMSO_pooled__10kb, /athena/apostoloulab/scratch/ukl4001/temp/left.ENSMUSG00000028078.Dclk2__EpiG1DMSO_pooled__10kb, /athena/apostoloulab/scratch/ukl4001/temp/right.ENSMUSG00000028078.Dclk2__EpiG1DMSO_pooled__10kb, /athena/apostoloulab/scratch/ukl4001/temp/singlereads.ENSMUSG00000028078.Dclk2__EpiG1DMSO_pooled__10kb, /athena/apostoloulab/scratch/ukl4001/temp/enrichment.ENSMUSG00000028078.Dclk2__EpiG1DMSO_pooled__10kb, /athena/apostoloulab/scratch/ukl4001/data/v4C/allInfo/allinfo.ENSMUSG00000028078.Dclk2__EpiG1DMSO_pooled__10kb
    jobid: 10
    reason: Missing output files: /athena/apostoloulab/scratch/ukl4001/data/v4C/allInfo/allinfo.ENSMUSG00000028078.Dclk2__EpiG1DMSO_pooled__10kb; Input files updated by another job: /athena/apostoloulab/scratch/ukl4001/temp/step1.ENSMUSG00000028078.Dclk2__10kb, /athena/apostoloulab/scratch/ukl4001/temp/region1.ENSMUSG00000028078.Dclk2__10kb
    wildcards: gene=ENSMUSG00000028078.Dclk2, exp=EpiG1DMSO_pooled, res=10
    threads: 4
    resources: mem_mb=1000, mem_mib=954, disk_mb=1000, disk_mib=954, tmpdir=<TBD>


		firstline=$(head -n 1 /athena/apostoloulab/scratch/ukl4001/data/v4C/vpInfo/vp.ENSMUSG00000028078.Dclk2.bed)
		chr=$(echo ${firstline} | awk '{print $1}')

		pairToBed -a /athena/apostoloulab/scratch/ukl4001/temp/mappedPairChr/EpiG1DMSO_pooled.${chr}.bedpe -b /athena/apostoloulab/scratch/ukl4001/temp/region1.ENSMUSG00000028078.Dclk2__10kb -type "either" > /athena/apostoloulab/scratch/ukl4001/temp/pairs.ENSMUSG00000028078.Dclk2__EpiG1DMSO_pooled__10kb

		cut -f1,2,3 /athena/apostoloulab/scratch/ukl4001/temp/pairs.ENSMUSG00000028078.Dclk2__EpiG1DMSO_pooled__10kb > /athena/apostoloulab/scratch/ukl4001/temp/left.ENSMUSG00000028078.Dclk2__EpiG1DMSO_pooled__10kb
		cut -f4,5,6 /athena/apostoloulab/scratch/ukl4001/temp/pairs.ENSMUSG00000028078.Dclk2__EpiG1DMSO_pooled__10kb > /athena/apostoloulab/scratch/ukl4001/temp/right.ENSMUSG00000028078.Dclk2__EpiG1DMSO_pooled__10kb
		cat /athena/apostoloulab/scratch/ukl4001/temp/left.ENSMUSG00000028078.Dclk2__EpiG1DMSO_pooled__10kb /athena/apostoloulab/scratch/ukl4001/temp/right.ENSMUSG00000028078.Dclk2__EpiG1DMSO_pooled__10kb > /athena/apostoloulab/scratch/ukl4001/temp/singlereads.ENSMUSG00000028078.Dclk2__EpiG1DMSO_pooled__10kb
		
		#calculate read coverage for all bins around the region of interest
		intersectBed -a /athena/apostoloulab/scratch/ukl4001/temp/step1.ENSMUSG00000028078.Dclk2__10kb -b /athena/apostoloulab/scratch/ukl4001/temp/singlereads.ENSMUSG00000028078.Dclk2__EpiG1DMSO_pooled__10kb -c > /athena/apostoloulab/scratch/ukl4001/temp/enrichment.ENSMUSG00000028078.Dclk2__EpiG1DMSO_pooled__10kb
		
		# add location of region of interest - We will delete this from downstream analysis for plots - it is useful to keep it as a separate column.
		intersectBed -a /athena/apostoloulab/scratch/ukl4001/temp/enrichment.ENSMUSG00000028078.Dclk2__EpiG1DMSO_pooled__10kb -b /athena/apostoloulab/scratch/ukl4001/temp/region1.ENSMUSG00000028078.Dclk2__10kb -c > /athena/apostoloulab/scratch/ukl4001/data/v4C/allInfo/allinfo.ENSMUSG00000028078.Dclk2__EpiG1DMSO_pooled__10kb
		
		
Submitted job 10 with external jobid 'Submitted batch job 2476426'.

[Tue Aug 26 20:40:33 2025]
rule allInfo:
    input: /athena/apostoloulab/scratch/ukl4001/data/v4C/vpInfo/vp.ENSMUSG00000028078.Dclk2.bed, /athena/apostoloulab/scratch/ukl4001/temp/region1.ENSMUSG00000028078.Dclk2__10kb, /athena/apostoloulab/scratch/ukl4001/temp/step1.ENSMUSG00000028078.Dclk2__10kb
    output: /athena/apostoloulab/scratch/ukl4001/temp/pairs.ENSMUSG00000028078.Dclk2__EpiG1dTAG_pooled__10kb, /athena/apostoloulab/scratch/ukl4001/temp/left.ENSMUSG00000028078.Dclk2__EpiG1dTAG_pooled__10kb, /athena/apostoloulab/scratch/ukl4001/temp/right.ENSMUSG00000028078.Dclk2__EpiG1dTAG_pooled__10kb, /athena/apostoloulab/scratch/ukl4001/temp/singlereads.ENSMUSG00000028078.Dclk2__EpiG1dTAG_pooled__10kb, /athena/apostoloulab/scratch/ukl4001/temp/enrichment.ENSMUSG00000028078.Dclk2__EpiG1dTAG_pooled__10kb, /athena/apostoloulab/scratch/ukl4001/data/v4C/allInfo/allinfo.ENSMUSG00000028078.Dclk2__EpiG1dTAG_pooled__10kb
    jobid: 12
    reason: Missing output files: /athena/apostoloulab/scratch/ukl4001/data/v4C/allInfo/allinfo.ENSMUSG00000028078.Dclk2__EpiG1dTAG_pooled__10kb; Input files updated by another job: /athena/apostoloulab/scratch/ukl4001/temp/step1.ENSMUSG00000028078.Dclk2__10kb, /athena/apostoloulab/scratch/ukl4001/temp/region1.ENSMUSG00000028078.Dclk2__10kb
    wildcards: gene=ENSMUSG00000028078.Dclk2, exp=EpiG1dTAG_pooled, res=10
    threads: 4
    resources: mem_mb=1000, mem_mib=954, disk_mb=1000, disk_mib=954, tmpdir=<TBD>


		firstline=$(head -n 1 /athena/apostoloulab/scratch/ukl4001/data/v4C/vpInfo/vp.ENSMUSG00000028078.Dclk2.bed)
		chr=$(echo ${firstline} | awk '{print $1}')

		pairToBed -a /athena/apostoloulab/scratch/ukl4001/temp/mappedPairChr/EpiG1dTAG_pooled.${chr}.bedpe -b /athena/apostoloulab/scratch/ukl4001/temp/region1.ENSMUSG00000028078.Dclk2__10kb -type "either" > /athena/apostoloulab/scratch/ukl4001/temp/pairs.ENSMUSG00000028078.Dclk2__EpiG1dTAG_pooled__10kb

		cut -f1,2,3 /athena/apostoloulab/scratch/ukl4001/temp/pairs.ENSMUSG00000028078.Dclk2__EpiG1dTAG_pooled__10kb > /athena/apostoloulab/scratch/ukl4001/temp/left.ENSMUSG00000028078.Dclk2__EpiG1dTAG_pooled__10kb
		cut -f4,5,6 /athena/apostoloulab/scratch/ukl4001/temp/pairs.ENSMUSG00000028078.Dclk2__EpiG1dTAG_pooled__10kb > /athena/apostoloulab/scratch/ukl4001/temp/right.ENSMUSG00000028078.Dclk2__EpiG1dTAG_pooled__10kb
		cat /athena/apostoloulab/scratch/ukl4001/temp/left.ENSMUSG00000028078.Dclk2__EpiG1dTAG_pooled__10kb /athena/apostoloulab/scratch/ukl4001/temp/right.ENSMUSG00000028078.Dclk2__EpiG1dTAG_pooled__10kb > /athena/apostoloulab/scratch/ukl4001/temp/singlereads.ENSMUSG00000028078.Dclk2__EpiG1dTAG_pooled__10kb
		
		#calculate read coverage for all bins around the region of interest
		intersectBed -a /athena/apostoloulab/scratch/ukl4001/temp/step1.ENSMUSG00000028078.Dclk2__10kb -b /athena/apostoloulab/scratch/ukl4001/temp/singlereads.ENSMUSG00000028078.Dclk2__EpiG1dTAG_pooled__10kb -c > /athena/apostoloulab/scratch/ukl4001/temp/enrichment.ENSMUSG00000028078.Dclk2__EpiG1dTAG_pooled__10kb
		
		# add location of region of interest - We will delete this from downstream analysis for plots - it is useful to keep it as a separate column.
		intersectBed -a /athena/apostoloulab/scratch/ukl4001/temp/enrichment.ENSMUSG00000028078.Dclk2__EpiG1dTAG_pooled__10kb -b /athena/apostoloulab/scratch/ukl4001/temp/region1.ENSMUSG00000028078.Dclk2__10kb -c > /athena/apostoloulab/scratch/ukl4001/data/v4C/allInfo/allinfo.ENSMUSG00000028078.Dclk2__EpiG1dTAG_pooled__10kb
		
		
Submitted job 12 with external jobid 'Submitted batch job 2476427'.

[Tue Aug 26 20:40:33 2025]
rule allInfo:
    input: /athena/apostoloulab/scratch/ukl4001/data/v4C/vpInfo/vp.ENSMUSG00000028078.Dclk2.bed, /athena/apostoloulab/scratch/ukl4001/temp/region1.ENSMUSG00000028078.Dclk2__10kb, /athena/apostoloulab/scratch/ukl4001/temp/step1.ENSMUSG00000028078.Dclk2__10kb
    output: /athena/apostoloulab/scratch/ukl4001/temp/pairs.ENSMUSG00000028078.Dclk2__GSE178982_AsyncUT_pooled__10kb, /athena/apostoloulab/scratch/ukl4001/temp/left.ENSMUSG00000028078.Dclk2__GSE178982_AsyncUT_pooled__10kb, /athena/apostoloulab/scratch/ukl4001/temp/right.ENSMUSG00000028078.Dclk2__GSE178982_AsyncUT_pooled__10kb, /athena/apostoloulab/scratch/ukl4001/temp/singlereads.ENSMUSG00000028078.Dclk2__GSE178982_AsyncUT_pooled__10kb, /athena/apostoloulab/scratch/ukl4001/temp/enrichment.ENSMUSG00000028078.Dclk2__GSE178982_AsyncUT_pooled__10kb, /athena/apostoloulab/scratch/ukl4001/data/v4C/allInfo/allinfo.ENSMUSG00000028078.Dclk2__GSE178982_AsyncUT_pooled__10kb
    jobid: 14
    reason: Missing output files: /athena/apostoloulab/scratch/ukl4001/data/v4C/allInfo/allinfo.ENSMUSG00000028078.Dclk2__GSE178982_AsyncUT_pooled__10kb; Input files updated by another job: /athena/apostoloulab/scratch/ukl4001/temp/step1.ENSMUSG00000028078.Dclk2__10kb, /athena/apostoloulab/scratch/ukl4001/temp/region1.ENSMUSG00000028078.Dclk2__10kb
    wildcards: gene=ENSMUSG00000028078.Dclk2, exp=GSE178982_AsyncUT_pooled, res=10
    threads: 4
    resources: mem_mb=1000, mem_mib=954, disk_mb=1000, disk_mib=954, tmpdir=<TBD>


		firstline=$(head -n 1 /athena/apostoloulab/scratch/ukl4001/data/v4C/vpInfo/vp.ENSMUSG00000028078.Dclk2.bed)
		chr=$(echo ${firstline} | awk '{print $1}')

		pairToBed -a /athena/apostoloulab/scratch/ukl4001/temp/mappedPairChr/GSE178982_AsyncUT_pooled.${chr}.bedpe -b /athena/apostoloulab/scratch/ukl4001/temp/region1.ENSMUSG00000028078.Dclk2__10kb -type "either" > /athena/apostoloulab/scratch/ukl4001/temp/pairs.ENSMUSG00000028078.Dclk2__GSE178982_AsyncUT_pooled__10kb

		cut -f1,2,3 /athena/apostoloulab/scratch/ukl4001/temp/pairs.ENSMUSG00000028078.Dclk2__GSE178982_AsyncUT_pooled__10kb > /athena/apostoloulab/scratch/ukl4001/temp/left.ENSMUSG00000028078.Dclk2__GSE178982_AsyncUT_pooled__10kb
		cut -f4,5,6 /athena/apostoloulab/scratch/ukl4001/temp/pairs.ENSMUSG00000028078.Dclk2__GSE178982_AsyncUT_pooled__10kb > /athena/apostoloulab/scratch/ukl4001/temp/right.ENSMUSG00000028078.Dclk2__GSE178982_AsyncUT_pooled__10kb
		cat /athena/apostoloulab/scratch/ukl4001/temp/left.ENSMUSG00000028078.Dclk2__GSE178982_AsyncUT_pooled__10kb /athena/apostoloulab/scratch/ukl4001/temp/right.ENSMUSG00000028078.Dclk2__GSE178982_AsyncUT_pooled__10kb > /athena/apostoloulab/scratch/ukl4001/temp/singlereads.ENSMUSG00000028078.Dclk2__GSE178982_AsyncUT_pooled__10kb
		
		#calculate read coverage for all bins around the region of interest
		intersectBed -a /athena/apostoloulab/scratch/ukl4001/temp/step1.ENSMUSG00000028078.Dclk2__10kb -b /athena/apostoloulab/scratch/ukl4001/temp/singlereads.ENSMUSG00000028078.Dclk2__GSE178982_AsyncUT_pooled__10kb -c > /athena/apostoloulab/scratch/ukl4001/temp/enrichment.ENSMUSG00000028078.Dclk2__GSE178982_AsyncUT_pooled__10kb
		
		# add location of region of interest - We will delete this from downstream analysis for plots - it is useful to keep it as a separate column.
		intersectBed -a /athena/apostoloulab/scratch/ukl4001/temp/enrichment.ENSMUSG00000028078.Dclk2__GSE178982_AsyncUT_pooled__10kb -b /athena/apostoloulab/scratch/ukl4001/temp/region1.ENSMUSG00000028078.Dclk2__10kb -c > /athena/apostoloulab/scratch/ukl4001/data/v4C/allInfo/allinfo.ENSMUSG00000028078.Dclk2__GSE178982_AsyncUT_pooled__10kb
		
		
Submitted job 14 with external jobid 'Submitted batch job 2476428'.

[Tue Aug 26 20:40:33 2025]
rule allInfo:
    input: /athena/apostoloulab/scratch/ukl4001/data/v4C/vpInfo/vp.ENSMUSG00000028078.Dclk2.bed, /athena/apostoloulab/scratch/ukl4001/temp/region1.ENSMUSG00000028078.Dclk2__10kb, /athena/apostoloulab/scratch/ukl4001/temp/step1.ENSMUSG00000028078.Dclk2__10kb
    output: /athena/apostoloulab/scratch/ukl4001/temp/pairs.ENSMUSG00000028078.Dclk2__GSE178982_AsyncAID_pooled__10kb, /athena/apostoloulab/scratch/ukl4001/temp/left.ENSMUSG00000028078.Dclk2__GSE178982_AsyncAID_pooled__10kb, /athena/apostoloulab/scratch/ukl4001/temp/right.ENSMUSG00000028078.Dclk2__GSE178982_AsyncAID_pooled__10kb, /athena/apostoloulab/scratch/ukl4001/temp/singlereads.ENSMUSG00000028078.Dclk2__GSE178982_AsyncAID_pooled__10kb, /athena/apostoloulab/scratch/ukl4001/temp/enrichment.ENSMUSG00000028078.Dclk2__GSE178982_AsyncAID_pooled__10kb, /athena/apostoloulab/scratch/ukl4001/data/v4C/allInfo/allinfo.ENSMUSG00000028078.Dclk2__GSE178982_AsyncAID_pooled__10kb
    jobid: 16
    reason: Missing output files: /athena/apostoloulab/scratch/ukl4001/data/v4C/allInfo/allinfo.ENSMUSG00000028078.Dclk2__GSE178982_AsyncAID_pooled__10kb; Input files updated by another job: /athena/apostoloulab/scratch/ukl4001/temp/step1.ENSMUSG00000028078.Dclk2__10kb, /athena/apostoloulab/scratch/ukl4001/temp/region1.ENSMUSG00000028078.Dclk2__10kb
    wildcards: gene=ENSMUSG00000028078.Dclk2, exp=GSE178982_AsyncAID_pooled, res=10
    threads: 4
    resources: mem_mb=1000, mem_mib=954, disk_mb=1000, disk_mib=954, tmpdir=<TBD>


		firstline=$(head -n 1 /athena/apostoloulab/scratch/ukl4001/data/v4C/vpInfo/vp.ENSMUSG00000028078.Dclk2.bed)
		chr=$(echo ${firstline} | awk '{print $1}')

		pairToBed -a /athena/apostoloulab/scratch/ukl4001/temp/mappedPairChr/GSE178982_AsyncAID_pooled.${chr}.bedpe -b /athena/apostoloulab/scratch/ukl4001/temp/region1.ENSMUSG00000028078.Dclk2__10kb -type "either" > /athena/apostoloulab/scratch/ukl4001/temp/pairs.ENSMUSG00000028078.Dclk2__GSE178982_AsyncAID_pooled__10kb

		cut -f1,2,3 /athena/apostoloulab/scratch/ukl4001/temp/pairs.ENSMUSG00000028078.Dclk2__GSE178982_AsyncAID_pooled__10kb > /athena/apostoloulab/scratch/ukl4001/temp/left.ENSMUSG00000028078.Dclk2__GSE178982_AsyncAID_pooled__10kb
		cut -f4,5,6 /athena/apostoloulab/scratch/ukl4001/temp/pairs.ENSMUSG00000028078.Dclk2__GSE178982_AsyncAID_pooled__10kb > /athena/apostoloulab/scratch/ukl4001/temp/right.ENSMUSG00000028078.Dclk2__GSE178982_AsyncAID_pooled__10kb
		cat /athena/apostoloulab/scratch/ukl4001/temp/left.ENSMUSG00000028078.Dclk2__GSE178982_AsyncAID_pooled__10kb /athena/apostoloulab/scratch/ukl4001/temp/right.ENSMUSG00000028078.Dclk2__GSE178982_AsyncAID_pooled__10kb > /athena/apostoloulab/scratch/ukl4001/temp/singlereads.ENSMUSG00000028078.Dclk2__GSE178982_AsyncAID_pooled__10kb
		
		#calculate read coverage for all bins around the region of interest
		intersectBed -a /athena/apostoloulab/scratch/ukl4001/temp/step1.ENSMUSG00000028078.Dclk2__10kb -b /athena/apostoloulab/scratch/ukl4001/temp/singlereads.ENSMUSG00000028078.Dclk2__GSE178982_AsyncAID_pooled__10kb -c > /athena/apostoloulab/scratch/ukl4001/temp/enrichment.ENSMUSG00000028078.Dclk2__GSE178982_AsyncAID_pooled__10kb
		
		# add location of region of interest - We will delete this from downstream analysis for plots - it is useful to keep it as a separate column.
		intersectBed -a /athena/apostoloulab/scratch/ukl4001/temp/enrichment.ENSMUSG00000028078.Dclk2__GSE178982_AsyncAID_pooled__10kb -b /athena/apostoloulab/scratch/ukl4001/temp/region1.ENSMUSG00000028078.Dclk2__10kb -c > /athena/apostoloulab/scratch/ukl4001/data/v4C/allInfo/allinfo.ENSMUSG00000028078.Dclk2__GSE178982_AsyncAID_pooled__10kb
		
		
Submitted job 16 with external jobid 'Submitted batch job 2476429'.
[Tue Aug 26 20:41:48 2025]
Finished job 11.
3 of 17 steps (18%) done
Removing temporary output /athena/apostoloulab/scratch/ukl4001/temp/pairs.ENSMUSG00000028078.Dclk2__EpiG1dTAG_pooled__5kb.
Removing temporary output /athena/apostoloulab/scratch/ukl4001/temp/left.ENSMUSG00000028078.Dclk2__EpiG1dTAG_pooled__5kb.
Removing temporary output /athena/apostoloulab/scratch/ukl4001/temp/right.ENSMUSG00000028078.Dclk2__EpiG1dTAG_pooled__5kb.
Removing temporary output /athena/apostoloulab/scratch/ukl4001/temp/singlereads.ENSMUSG00000028078.Dclk2__EpiG1dTAG_pooled__5kb.
Removing temporary output /athena/apostoloulab/scratch/ukl4001/temp/enrichment.ENSMUSG00000028078.Dclk2__EpiG1dTAG_pooled__5kb.
[Tue Aug 26 20:41:49 2025]
Finished job 13.
4 of 17 steps (24%) done
Removing temporary output /athena/apostoloulab/scratch/ukl4001/temp/pairs.ENSMUSG00000028078.Dclk2__GSE178982_AsyncUT_pooled__5kb.
Removing temporary output /athena/apostoloulab/scratch/ukl4001/temp/left.ENSMUSG00000028078.Dclk2__GSE178982_AsyncUT_pooled__5kb.
Removing temporary output /athena/apostoloulab/scratch/ukl4001/temp/right.ENSMUSG00000028078.Dclk2__GSE178982_AsyncUT_pooled__5kb.
Removing temporary output /athena/apostoloulab/scratch/ukl4001/temp/singlereads.ENSMUSG00000028078.Dclk2__GSE178982_AsyncUT_pooled__5kb.
Removing temporary output /athena/apostoloulab/scratch/ukl4001/temp/enrichment.ENSMUSG00000028078.Dclk2__GSE178982_AsyncUT_pooled__5kb.
[Tue Aug 26 20:41:49 2025]
Finished job 14.
5 of 17 steps (29%) done
Removing temporary output /athena/apostoloulab/scratch/ukl4001/temp/pairs.ENSMUSG00000028078.Dclk2__GSE178982_AsyncUT_pooled__10kb.
Removing temporary output /athena/apostoloulab/scratch/ukl4001/temp/left.ENSMUSG00000028078.Dclk2__GSE178982_AsyncUT_pooled__10kb.
Removing temporary output /athena/apostoloulab/scratch/ukl4001/temp/right.ENSMUSG00000028078.Dclk2__GSE178982_AsyncUT_pooled__10kb.
Removing temporary output /athena/apostoloulab/scratch/ukl4001/temp/singlereads.ENSMUSG00000028078.Dclk2__GSE178982_AsyncUT_pooled__10kb.
Removing temporary output /athena/apostoloulab/scratch/ukl4001/temp/enrichment.ENSMUSG00000028078.Dclk2__GSE178982_AsyncUT_pooled__10kb.
[Tue Aug 26 20:42:00 2025]
Finished job 9.
6 of 17 steps (35%) done
Removing temporary output /athena/apostoloulab/scratch/ukl4001/temp/pairs.ENSMUSG00000028078.Dclk2__EpiG1DMSO_pooled__5kb.
Removing temporary output /athena/apostoloulab/scratch/ukl4001/temp/left.ENSMUSG00000028078.Dclk2__EpiG1DMSO_pooled__5kb.
Removing temporary output /athena/apostoloulab/scratch/ukl4001/temp/right.ENSMUSG00000028078.Dclk2__EpiG1DMSO_pooled__5kb.
Removing temporary output /athena/apostoloulab/scratch/ukl4001/temp/singlereads.ENSMUSG00000028078.Dclk2__EpiG1DMSO_pooled__5kb.
Removing temporary output /athena/apostoloulab/scratch/ukl4001/temp/enrichment.ENSMUSG00000028078.Dclk2__EpiG1DMSO_pooled__5kb.
[Tue Aug 26 20:42:11 2025]
Finished job 10.
7 of 17 steps (41%) done
Removing temporary output /athena/apostoloulab/scratch/ukl4001/temp/pairs.ENSMUSG00000028078.Dclk2__EpiG1DMSO_pooled__10kb.
Removing temporary output /athena/apostoloulab/scratch/ukl4001/temp/left.ENSMUSG00000028078.Dclk2__EpiG1DMSO_pooled__10kb.
Removing temporary output /athena/apostoloulab/scratch/ukl4001/temp/right.ENSMUSG00000028078.Dclk2__EpiG1DMSO_pooled__10kb.
Removing temporary output /athena/apostoloulab/scratch/ukl4001/temp/singlereads.ENSMUSG00000028078.Dclk2__EpiG1DMSO_pooled__10kb.
Removing temporary output /athena/apostoloulab/scratch/ukl4001/temp/enrichment.ENSMUSG00000028078.Dclk2__EpiG1DMSO_pooled__10kb.
[Tue Aug 26 20:42:21 2025]
Finished job 12.
8 of 17 steps (47%) done
Removing temporary output /athena/apostoloulab/scratch/ukl4001/temp/pairs.ENSMUSG00000028078.Dclk2__EpiG1dTAG_pooled__10kb.
Removing temporary output /athena/apostoloulab/scratch/ukl4001/temp/left.ENSMUSG00000028078.Dclk2__EpiG1dTAG_pooled__10kb.
Removing temporary output /athena/apostoloulab/scratch/ukl4001/temp/right.ENSMUSG00000028078.Dclk2__EpiG1dTAG_pooled__10kb.
Removing temporary output /athena/apostoloulab/scratch/ukl4001/temp/singlereads.ENSMUSG00000028078.Dclk2__EpiG1dTAG_pooled__10kb.
Removing temporary output /athena/apostoloulab/scratch/ukl4001/temp/enrichment.ENSMUSG00000028078.Dclk2__EpiG1dTAG_pooled__10kb.
