Building DAG of jobs...
Using shell: /usr/bin/bash
Provided cluster nodes: 500
Job stats:
job        count
-------  -------
all            1
allInfo       14
step           2
total         17

Select jobs to execute...

[Tue Aug 26 20:16:43 2025]
rule step:
    input: /athena/apostoloulab/scratch/ukl4001/reference/mm10/mm10.bin.5kb.bed, /athena/apostoloulab/scratch/ukl4001/data/v4C/vpInfo/vp.ENSMUSG00000028078.Dclk2.bed, /athena/apostoloulab/scratch/collab/Genome/Mus_Musculus/UCSC/mm10/Sequence/WholeGenomeFasta/genome.fa.fai, /athena/apostoloulab/scratch/ukl4001/reference/mm10/MboI_mm10.bed
    output: /athena/apostoloulab/scratch/ukl4001/data_vault_2024summer/source/v4C_allGene/temp/region1.ENSMUSG00000028078.Dclk2__5kb, /athena/apostoloulab/scratch/ukl4001/data_vault_2024summer/source/v4C_allGene/temp/step1.ENSMUSG00000028078.Dclk2__5kb, /athena/apostoloulab/scratch/ukl4001/data_vault_2024summer/source/v4C_allGene/temp/slop.ENSMUSG00000028078.Dclk2__5kb, /athena/apostoloulab/scratch/ukl4001/data_vault_2024summer/source/v4C_allGene/temp/step.ENSMUSG00000028078.Dclk2__5kb
    jobid: 1
    reason: Missing output files: /athena/apostoloulab/scratch/ukl4001/data_vault_2024summer/source/v4C_allGene/temp/region1.ENSMUSG00000028078.Dclk2__5kb, /athena/apostoloulab/scratch/ukl4001/data_vault_2024summer/source/v4C_allGene/temp/step1.ENSMUSG00000028078.Dclk2__5kb
    wildcards: gene=ENSMUSG00000028078.Dclk2, res=5
    threads: 4
    resources: mem_mb=1000, mem_mib=954, disk_mb=1000, disk_mib=954, tmpdir=<TBD>


		# Extract bin with VP (region1)
		intersectBed -a /athena/apostoloulab/scratch/ukl4001/reference/mm10/mm10.bin.5kb.bed -b /athena/apostoloulab/scratch/ukl4001/data/v4C/vpInfo/vp.ENSMUSG00000028078.Dclk2.bed -wa -u > /athena/apostoloulab/scratch/ukl4001/data_vault_2024summer/source/v4C_allGene/temp/region1.ENSMUSG00000028078.Dclk2__5kb
		
		# Expand the region of interest to +- 2Mb (slop)
		slopBed -i /athena/apostoloulab/scratch/ukl4001/data_vault_2024summer/source/v4C_allGene/temp/region1.ENSMUSG00000028078.Dclk2__5kb -g /athena/apostoloulab/scratch/collab/Genome/Mus_Musculus/UCSC/mm10/Sequence/WholeGenomeFasta/genome.fa.fai -b 2000000 > /athena/apostoloulab/scratch/ukl4001/data_vault_2024summer/source/v4C_allGene/temp/slop.ENSMUSG00000028078.Dclk2__5kb
		
		# Create 5kb windows with 500 bp steps within 4Mb regions (step)
		bedtools makewindows -b /athena/apostoloulab/scratch/ukl4001/data_vault_2024summer/source/v4C_allGene/temp/slop.ENSMUSG00000028078.Dclk2__5kb -w 1000*int(params.res) -s 50*int(params.res) > /athena/apostoloulab/scratch/ukl4001/data_vault_2024summer/source/v4C_allGene/temp/step.ENSMUSG00000028078.Dclk2__5kb
		
		# Count number of restriction sites within each window (step1)
		intersectBed -a /athena/apostoloulab/scratch/ukl4001/data_vault_2024summer/source/v4C_allGene/temp/step.ENSMUSG00000028078.Dclk2__5kb -b /athena/apostoloulab/scratch/ukl4001/reference/mm10/MboI_mm10.bed -c > /athena/apostoloulab/scratch/ukl4001/data_vault_2024summer/source/v4C_allGene/temp/step1.ENSMUSG00000028078.Dclk2__5kb
		
Submitted job 1 with external jobid 'Submitted batch job 2476292'.

[Tue Aug 26 20:16:44 2025]
rule step:
    input: /athena/apostoloulab/scratch/ukl4001/reference/mm10/mm10.bin.10kb.bed, /athena/apostoloulab/scratch/ukl4001/data/v4C/vpInfo/vp.ENSMUSG00000028078.Dclk2.bed, /athena/apostoloulab/scratch/collab/Genome/Mus_Musculus/UCSC/mm10/Sequence/WholeGenomeFasta/genome.fa.fai, /athena/apostoloulab/scratch/ukl4001/reference/mm10/MboI_mm10.bed
    output: /athena/apostoloulab/scratch/ukl4001/data_vault_2024summer/source/v4C_allGene/temp/region1.ENSMUSG00000028078.Dclk2__10kb, /athena/apostoloulab/scratch/ukl4001/data_vault_2024summer/source/v4C_allGene/temp/step1.ENSMUSG00000028078.Dclk2__10kb, /athena/apostoloulab/scratch/ukl4001/data_vault_2024summer/source/v4C_allGene/temp/slop.ENSMUSG00000028078.Dclk2__10kb, /athena/apostoloulab/scratch/ukl4001/data_vault_2024summer/source/v4C_allGene/temp/step.ENSMUSG00000028078.Dclk2__10kb
    jobid: 2
    reason: Missing output files: /athena/apostoloulab/scratch/ukl4001/data_vault_2024summer/source/v4C_allGene/temp/region1.ENSMUSG00000028078.Dclk2__10kb, /athena/apostoloulab/scratch/ukl4001/data_vault_2024summer/source/v4C_allGene/temp/step1.ENSMUSG00000028078.Dclk2__10kb
    wildcards: gene=ENSMUSG00000028078.Dclk2, res=10
    threads: 4
    resources: mem_mb=1000, mem_mib=954, disk_mb=1000, disk_mib=954, tmpdir=<TBD>


		# Extract bin with VP (region1)
		intersectBed -a /athena/apostoloulab/scratch/ukl4001/reference/mm10/mm10.bin.10kb.bed -b /athena/apostoloulab/scratch/ukl4001/data/v4C/vpInfo/vp.ENSMUSG00000028078.Dclk2.bed -wa -u > /athena/apostoloulab/scratch/ukl4001/data_vault_2024summer/source/v4C_allGene/temp/region1.ENSMUSG00000028078.Dclk2__10kb
		
		# Expand the region of interest to +- 2Mb (slop)
		slopBed -i /athena/apostoloulab/scratch/ukl4001/data_vault_2024summer/source/v4C_allGene/temp/region1.ENSMUSG00000028078.Dclk2__10kb -g /athena/apostoloulab/scratch/collab/Genome/Mus_Musculus/UCSC/mm10/Sequence/WholeGenomeFasta/genome.fa.fai -b 2000000 > /athena/apostoloulab/scratch/ukl4001/data_vault_2024summer/source/v4C_allGene/temp/slop.ENSMUSG00000028078.Dclk2__10kb
		
		# Create 5kb windows with 500 bp steps within 4Mb regions (step)
		bedtools makewindows -b /athena/apostoloulab/scratch/ukl4001/data_vault_2024summer/source/v4C_allGene/temp/slop.ENSMUSG00000028078.Dclk2__10kb -w 1000*int(params.res) -s 50*int(params.res) > /athena/apostoloulab/scratch/ukl4001/data_vault_2024summer/source/v4C_allGene/temp/step.ENSMUSG00000028078.Dclk2__10kb
		
		# Count number of restriction sites within each window (step1)
		intersectBed -a /athena/apostoloulab/scratch/ukl4001/data_vault_2024summer/source/v4C_allGene/temp/step.ENSMUSG00000028078.Dclk2__10kb -b /athena/apostoloulab/scratch/ukl4001/reference/mm10/MboI_mm10.bed -c > /athena/apostoloulab/scratch/ukl4001/data_vault_2024summer/source/v4C_allGene/temp/step1.ENSMUSG00000028078.Dclk2__10kb
		
Submitted job 2 with external jobid 'Submitted batch job 2476293'.
[Tue Aug 26 20:16:53 2025]
Error in rule step:
    jobid: 1
    input: /athena/apostoloulab/scratch/ukl4001/reference/mm10/mm10.bin.5kb.bed, /athena/apostoloulab/scratch/ukl4001/data/v4C/vpInfo/vp.ENSMUSG00000028078.Dclk2.bed, /athena/apostoloulab/scratch/collab/Genome/Mus_Musculus/UCSC/mm10/Sequence/WholeGenomeFasta/genome.fa.fai, /athena/apostoloulab/scratch/ukl4001/reference/mm10/MboI_mm10.bed
    output: /athena/apostoloulab/scratch/ukl4001/data_vault_2024summer/source/v4C_allGene/temp/region1.ENSMUSG00000028078.Dclk2__5kb, /athena/apostoloulab/scratch/ukl4001/data_vault_2024summer/source/v4C_allGene/temp/step1.ENSMUSG00000028078.Dclk2__5kb, /athena/apostoloulab/scratch/ukl4001/data_vault_2024summer/source/v4C_allGene/temp/slop.ENSMUSG00000028078.Dclk2__5kb, /athena/apostoloulab/scratch/ukl4001/data_vault_2024summer/source/v4C_allGene/temp/step.ENSMUSG00000028078.Dclk2__5kb
    conda-env: bioinfo
    shell:
        
		# Extract bin with VP (region1)
		intersectBed -a /athena/apostoloulab/scratch/ukl4001/reference/mm10/mm10.bin.5kb.bed -b /athena/apostoloulab/scratch/ukl4001/data/v4C/vpInfo/vp.ENSMUSG00000028078.Dclk2.bed -wa -u > /athena/apostoloulab/scratch/ukl4001/data_vault_2024summer/source/v4C_allGene/temp/region1.ENSMUSG00000028078.Dclk2__5kb
		
		# Expand the region of interest to +- 2Mb (slop)
		slopBed -i /athena/apostoloulab/scratch/ukl4001/data_vault_2024summer/source/v4C_allGene/temp/region1.ENSMUSG00000028078.Dclk2__5kb -g /athena/apostoloulab/scratch/collab/Genome/Mus_Musculus/UCSC/mm10/Sequence/WholeGenomeFasta/genome.fa.fai -b 2000000 > /athena/apostoloulab/scratch/ukl4001/data_vault_2024summer/source/v4C_allGene/temp/slop.ENSMUSG00000028078.Dclk2__5kb
		
		# Create 5kb windows with 500 bp steps within 4Mb regions (step)
		bedtools makewindows -b /athena/apostoloulab/scratch/ukl4001/data_vault_2024summer/source/v4C_allGene/temp/slop.ENSMUSG00000028078.Dclk2__5kb -w 1000*int(params.res) -s 50*int(params.res) > /athena/apostoloulab/scratch/ukl4001/data_vault_2024summer/source/v4C_allGene/temp/step.ENSMUSG00000028078.Dclk2__5kb
		
		# Count number of restriction sites within each window (step1)
		intersectBed -a /athena/apostoloulab/scratch/ukl4001/data_vault_2024summer/source/v4C_allGene/temp/step.ENSMUSG00000028078.Dclk2__5kb -b /athena/apostoloulab/scratch/ukl4001/reference/mm10/MboI_mm10.bed -c > /athena/apostoloulab/scratch/ukl4001/data_vault_2024summer/source/v4C_allGene/temp/step1.ENSMUSG00000028078.Dclk2__5kb
		
        (one of the commands exited with non-zero exit code; note that snakemake uses bash strict mode!)
    cluster_jobid: Submitted batch job 2476292

Error executing rule step on cluster (jobid: 1, external: Submitted batch job 2476292, jobscript: /athena/cayuga_0007/scratch/ukl4001/MtoG1_analysis_code/MicroC_v4C/.snakemake/tmp.81fiksi5/snakejob.step.1.sh). For error details see the cluster log and the log files of the involved rule(s).
[Tue Aug 26 20:16:53 2025]
Error in rule step:
    jobid: 2
    input: /athena/apostoloulab/scratch/ukl4001/reference/mm10/mm10.bin.10kb.bed, /athena/apostoloulab/scratch/ukl4001/data/v4C/vpInfo/vp.ENSMUSG00000028078.Dclk2.bed, /athena/apostoloulab/scratch/collab/Genome/Mus_Musculus/UCSC/mm10/Sequence/WholeGenomeFasta/genome.fa.fai, /athena/apostoloulab/scratch/ukl4001/reference/mm10/MboI_mm10.bed
    output: /athena/apostoloulab/scratch/ukl4001/data_vault_2024summer/source/v4C_allGene/temp/region1.ENSMUSG00000028078.Dclk2__10kb, /athena/apostoloulab/scratch/ukl4001/data_vault_2024summer/source/v4C_allGene/temp/step1.ENSMUSG00000028078.Dclk2__10kb, /athena/apostoloulab/scratch/ukl4001/data_vault_2024summer/source/v4C_allGene/temp/slop.ENSMUSG00000028078.Dclk2__10kb, /athena/apostoloulab/scratch/ukl4001/data_vault_2024summer/source/v4C_allGene/temp/step.ENSMUSG00000028078.Dclk2__10kb
    conda-env: bioinfo
    shell:
        
		# Extract bin with VP (region1)
		intersectBed -a /athena/apostoloulab/scratch/ukl4001/reference/mm10/mm10.bin.10kb.bed -b /athena/apostoloulab/scratch/ukl4001/data/v4C/vpInfo/vp.ENSMUSG00000028078.Dclk2.bed -wa -u > /athena/apostoloulab/scratch/ukl4001/data_vault_2024summer/source/v4C_allGene/temp/region1.ENSMUSG00000028078.Dclk2__10kb
		
		# Expand the region of interest to +- 2Mb (slop)
		slopBed -i /athena/apostoloulab/scratch/ukl4001/data_vault_2024summer/source/v4C_allGene/temp/region1.ENSMUSG00000028078.Dclk2__10kb -g /athena/apostoloulab/scratch/collab/Genome/Mus_Musculus/UCSC/mm10/Sequence/WholeGenomeFasta/genome.fa.fai -b 2000000 > /athena/apostoloulab/scratch/ukl4001/data_vault_2024summer/source/v4C_allGene/temp/slop.ENSMUSG00000028078.Dclk2__10kb
		
		# Create 5kb windows with 500 bp steps within 4Mb regions (step)
		bedtools makewindows -b /athena/apostoloulab/scratch/ukl4001/data_vault_2024summer/source/v4C_allGene/temp/slop.ENSMUSG00000028078.Dclk2__10kb -w 1000*int(params.res) -s 50*int(params.res) > /athena/apostoloulab/scratch/ukl4001/data_vault_2024summer/source/v4C_allGene/temp/step.ENSMUSG00000028078.Dclk2__10kb
		
		# Count number of restriction sites within each window (step1)
		intersectBed -a /athena/apostoloulab/scratch/ukl4001/data_vault_2024summer/source/v4C_allGene/temp/step.ENSMUSG00000028078.Dclk2__10kb -b /athena/apostoloulab/scratch/ukl4001/reference/mm10/MboI_mm10.bed -c > /athena/apostoloulab/scratch/ukl4001/data_vault_2024summer/source/v4C_allGene/temp/step1.ENSMUSG00000028078.Dclk2__10kb
		
        (one of the commands exited with non-zero exit code; note that snakemake uses bash strict mode!)
    cluster_jobid: Submitted batch job 2476293

Error executing rule step on cluster (jobid: 2, external: Submitted batch job 2476293, jobscript: /athena/cayuga_0007/scratch/ukl4001/MtoG1_analysis_code/MicroC_v4C/.snakemake/tmp.81fiksi5/snakejob.step.2.sh). For error details see the cluster log and the log files of the involved rule(s).
Shutting down, this might take some time.
Exiting because a job execution failed. Look above for error message
Complete log: .snakemake/log/2025-08-26T201642.162040.snakemake.log
